{"numTotalTestSuites":12,"numPassedTestSuites":6,"numFailedTestSuites":6,"numPendingTestSuites":0,"numTotalTests":31,"numPassedTests":26,"numFailedTests":5,"numPendingTests":0,"numTodoTests":0,"snapshot":{"added":0,"failure":false,"filesAdded":0,"filesRemoved":0,"filesRemovedList":[],"filesUnmatched":0,"filesUpdated":0,"matched":0,"total":0,"unchecked":0,"uncheckedKeysByFile":[],"unmatched":0,"updated":0,"didUpdate":false},"startTime":1785968784896,"success":false,"testResults":[{"assertionResults":[{"ancestorTitles":["Exercises Component","Rendering"],"fullName":"Exercises Component Rendering should render exercise library page with main sections","status":"failed","title":"should render exercise library page with main sections","duration":64.01999999999998,"failureMessages":["TestingLibraryElementError: Found multiple elements with the text: Search and review your exercise list.\n\nHere are the matching elements:\n\nIgnored nodes: comments, script, style\n\u001b[36m<p>\u001b[39m\n  \u001b[0mSearch and review your exercise list.\u001b[0m\n\u001b[36m</p>\u001b[39m\n\nIgnored nodes: comments, script, style\n\u001b[36m<p>\u001b[39m\n  \u001b[0mSearch and review your exercise list.\u001b[0m\n\u001b[36m</p>\u001b[39m\n\n(If this is intentional, then use the `*AllBy*` variant of the query (like `queryAllByText`, `getAllByText`, or `findAllByText`)).\n\nIgnored nodes: comments, script, style\n\u001b[36m<body>\u001b[39m\n  \u001b[36m<div>\u001b[39m\n    \u001b[36m<main\u001b[39m\n      \u001b[33maria-label\u001b[39m=\u001b[32m\"Exercise Library\"\u001b[39m\n      \u001b[33mclass\u001b[39m=\u001b[32m\"exercise-page\"\u001b[39m\n    \u001b[36m>\u001b[39m\n      \u001b[36m<section\u001b[39m\n        \u001b[33mclass\u001b[39m=\u001b[32m\"exercise-top-actions\"\u001b[39m\n      \u001b[36m>\u001b[39m\n        \u001b[36m<button\u001b[39m\n          \u001b[33mclass\u001b[39m=\u001b[32m\"exercise-secondary-btn\"\u001b[39m\n          \u001b[33mtype\u001b[39m=\u001b[32m\"button\"\u001b[39m\n        \u001b[36m>\u001b[39m\n          \u001b[0mCreate Workout\u001b[0m\n        \u001b[36m</button>\u001b[39m\n      \u001b[36m</section>\u001b[39m\n      \u001b[36m<div\u001b[39m\n        \u001b[33mclass\u001b[39m=\u001b[32m\"exercise-modal-backdrop\"\u001b[39m\n        \u001b[33mrole\u001b[39m=\u001b[32m\"presentation\"\u001b[39m\n      \u001b[36m>\u001b[39m\n        \u001b[36m<aside\u001b[39m\n          \u001b[33maria-labelledby\u001b[39m=\u001b[32m\"exercise-library-modal-title\"\u001b[39m\n          \u001b[33maria-modal\u001b[39m=\u001b[32m\"true\"\u001b[39m\n          \u001b[33mclass\u001b[39m=\u001b[32m\"exercise-modal exercise-library-modal\"\u001b[39m\n          \u001b[33mrole\u001b[39m=\u001b[32m\"dialog\"\u001b[39m\n        \u001b[36m>\u001b[39m\n          \u001b[36m<header\u001b[39m\n            \u001b[33mclass\u001b[39m=\u001b[32m\"exercise-modal-header\"\u001b[39m\n          \u001b[36m>\u001b[39m\n            \u001b[36m<div>\u001b[39m\n              \u001b[36m<h2\u001b[39m\n                \u001b[33mid\u001b[39m=\u001b[32m\"exercise-library-modal-title\"\u001b[39m\n              \u001b[36m>\u001b[39m\n                \u001b[0mExercise Library\u001b[0m\n              \u001b[36m</h2>\u001b[39m\n              \u001b[36m<p>\u001b[39m\n                \u001b[0mSearch and review your exercise list.\u001b[0m\n              \u001b[36m</p>\u001b[39m\n            \u001b[36m</div>\u001b[39m\n            \u001b[36m<button\u001b[39m\n              \u001b[33mclass\u001b[39m=\u001b[32m\"exercise-secondary-btn\"\u001b[39m\n              \u001b[33mtype\u001b[39m=\u001b[32m\"button\"\u001b[39m\n            \u001b[36m>\u001b[39m\n              \u001b[0mClose\u001b[0m\n            \u001b[36m</button>\u001b[39m\n          \u001b[36m</header>\u001b[39m\n          \u001b[36m<section\u001b[39m\n            \u001b[33mclass\u001b[39m=\u001b[32m\"exercise-library-panel\"\u001b[39m\n          \u001b[36m>\u001b[39m\n            \u001b[36m<header\u001b[39m\n              \u001b[33mclass\u001b[39m=\u001b[32m\"exercise-panel-header\"\u001b[39m\n            \u001b[36m>\u001b[39m\n              \u001b[36m<div\u001b[39m\n                \u001b[33mclass\u001b[39m=\u001b[32m\"exercise-panel-header-top\"\u001b[39m\n              \u001b[36m>\u001b[39m\n                \u001b[36m<div>\u001b[39m\n                  \u001b[36m<h1>\u001b[39m\n                    \u001b[0mExercise Library\u001b[0m\n                  \u001b[36m</h1>\u001b[39m\n                  \u001b[36m<p>\u001b[39m\n                    \u001b[0mSearch and review your exercise list.\u001b[0m\n                  \u001b[36m</p>\u001b[39m\n                \u001b[36m</div>\u001b[39m\n                \u001b[36m<div\u001b[39m\n                  \u001b[33mclass\u001b[39m=\u001b[32m\"exercise-header-actions\"\u001b[39m\n                \u001b[36m>\u001b[39m\n                  \u001b[36m<button\u001b[39m\n                    \u001b[33mclass\u001b[39m=\u001b[32m\"exercise-primary-btn\"\u001b[39m\n                    \u001b[33mtype\u001b[39m=\u001b[32m\"button\"\u001b[39m\n                  \u001b[36m>\u001b[39m\n                    \u001b[0mAdd Exercise\u001b[0m\n                  \u001b[36m</button>\u001b[39m\n                \u001b[36m</div>\u001b[39m\n              \u001b[36m</div>\u001b[39m\n              \u001b[36m<div\u001b[39m\n                \u001b[33maria-atomic\u001b[39m=\u001b[32m\"true\"\u001b[39m\n                \u001b[33maria-live\u001b[39m=\u001b[32m\"polite\"\u001b[39m\n                \u001b[33mclass\u001b[39m=\u001b[32m\"exercise-counts\"\u001b[39m\n              \u001b[36m>\u001b[39m\n                \u001b[36m<span>\u001b[39m\n                  \u001b[0m0\u001b[0m\n                  \u001b[0m total\u001b[0m\n                \u001b[36m</span>\u001b[39m\n                \u001b[36m<span>\u001b[39m\n                  \u001b[0m0\u001b[0m\n                  \u001b[0m shown\u001b[0m\n                \u001b[36m</span>\u001b[39m\n              \u001b[36m</div>\u001b[39m\n            \u001b[36m</header>\u001b[39m\n            \u001b[36m<div\u001b[39m\n              \u001b[33mclass\u001b[39m=\u001b[32m\"exercise-search-grid\"\u001b[39m\n            \u001b[36m>\u001b[39m\n              \u001b[36m<label\u001b[39m\n                \u001b[33mclass\u001b[39m=\u001b[32m\"exercise-field exercise-field-wide\"\u001b[39m\n              \u001b[36m>\u001b[39m\n                \u001b[36m<span>\u001b[39m\n                  \u001b[0mSearch by name\u001b[0m\n                \u001b[36m</span>\u001b[39m\n                \u001b[36m<input\u001b[39m\n                  \u001b[33mname\u001b[39m=\u001b[32m\"name\"\u001b[39m\n                  \u001b[33mplaceholder\u001b[39m=\u001b[32m\"Back squat, pull-up, row\"\u001b[39m\n                  \u001b[33mtype\u001b[39m=\u001b[32m\"text\"\u001b[39m\n                  \u001b[33mvalue\u001b[39m=\u001b[32m\"\"\u001b[39m\n                \u001b[36m/>\u001b[39m\n              \u001b[36m</label>\u001b[39m\n              \u001b[36m<label\u001b[39m\n                \u001b[33mclass\u001b[39m=\u001b[32m\"exercise-field\"\u001b[39m\n              \u001b[36m>\u001b[39m\n                \u001b[36m<span>\u001b[39m\n                  \u001b[0mCategory\u001b[0m\n                \u001b[36m</span>\u001b[39m\n                \u001b[36m<select\u001b[39m\n                  \u001b[33mdisabled\u001b[39m=\u001b[32m\"\"\u001b[39m\n                  \u001b[33mname\u001b[39m=\u001b[32m\"category\"\u001b[39m\n                \u001b[36m>\u001b[39m\n                  \u001b[36m<option\u001b[39m\n                    \u001b[33mvalue\u001b[39m=\u001b[32m\"\"\u001b[39m\n                  \u001b[36m>\u001b[39m\n                    \u001b[0mLoading...\u001b[0m\n                  \u001b[36m</option>\u001b[39m\n                \u001b[36m</select>\u001b[39m\n              \u001b[36m</label>\u001b[39m\n              \u001b[36m<label\u001b[39m\n                \u001b[33mclass\u001b[39m=\u001b[32m\"exercise-field\"\u001b[39m\n              \u001b[36m>\u001b[39m\n                \u001b[36m<span>\u001b[39m\n                  \u001b[0mEquipment\u001b[0m\n                \u001b[36m</span>\u001b[39m\n                \u001b[36m<select\u001b[39m\n                  \u001b[33mdisabled\u001b[39m=\u001b[32m\"\"\u001b[39m\n                  \u001b[33mname\u001b[39m=\u001b[32m\"equipment\"\u001b[39m\n                \u001b[36m>\u001b[39m\n                  \u001b[36m<option\u001b[39m\n                    \u001b[33mvalue\u001b[39m=\u001b[32m\"\"\u001b[39m\n                  \u001b[36m>\u001b[39m\n                    \u001b[0mLoading...\u001b[0m\n                  \u001b[36m</option>\u001b[39m\n                \u001b[36m</select>\u001b[39m\n              \u001b[36m</label>\u001b[39m\n              \u001b[36m<label\u001b[39m\n                \u001b[33mclass\u001b[39m=\u001b[32m\"exercise-field\"\u001b[39m\n              \u001b[36m>\u001b[39m\n                \u001b[36m<span>\u001b[39m\n                  \u001b[0mMuscle\u001b[0m\n                \u001b[36m</span>\u001b[39m\n                \u001b[36m<select\u001b[39m\n                  \u001b[33mdisabled\u001b[39m=\u001b[32m\"\"\u001b[39m\n                  \u001b[33mname\u001b[39m=\u001b[32m\"muscle\"\u001b[39m\n                \u001b[36m>\u001b[39m\n                  \u001b[36m<option\u001b[39m\n                    \u001b[33mvalue\u001b[39m=\u001b[32m\"\"\u001b[39m\n                  \u001b[36m>\u001b[39m\n                    \u001b[0mLoading...\u001b[0m\n                  \u001b[36m</option>\u001b[39m\n                \u001b[36m</select>\u001b[39m\n              \u001b[36m</label>\u001b[39m\n              \u001b[36m<label\u001b[39m\n                \u001b[33mclass\u001b[39m=\u001b[32m\"exercise-field exercise-field-wide\"\u001b[39m\n              \u001b[36m>\u001b[39m\n                \u001b[36m<span>\u001b[39m\n                  \u001b[0mSort by\u001b[0m\n                \u001b[36m</span>\u001b[39m\n                \u001b[36m<select\u001b[39m\n                  \u001b[33mname\u001b[39m=\u001b[32m\"ordering\"\u001b[39m\n                \u001b[36m>\u001b[39m\n                  \u001b[36m<option\u001b[39m\n                    \u001b[33mvalue\u001b[39m=\u001b[32m\"name\"\u001b[39m\n                  \u001b[36m>\u001b[39m\n                    \u001b[0mName (A-Z)\u001b[0m\n                  \u001b[36m</option>\u001b[39m\n                  \u001b[36m<option\u001b[39m\n                    \u001b[33mvalue\u001b[39m=\u001b[32m\"-name\"\u001b[39m\n                  \u001b[36m>\u001b[39m\n                    \u001b[0mName (Z-A)\u001b[0m\n                  \u001b[36m</option>\u001b[39m\n                  \u001b[36m<option\u001b[39m\n                    \u001b[33mvalue\u001b[39m=\u001b[32m\"created_at\"\u001b[39m\n                  \u001b[36m>\u001b[39m\n                    \u001b[0mCreated (oldest)\u001b[0m\n                  \u001b[36m</option>\u001b[39m\n                  \u001b[36m<option\u001b[39m\n                    \u001b[33mvalue\u001b[39m=\u001b[32m\"-created_at\"\u001b[39m\n                  \u001b[36m>\u001b[39m\n                    \u001b[0mCreated (newest)\u001b[0m\n                  \u001b[36m</option>\u001b[39m\n                  \u001b[36m<option\u001b[39m\n                    \u001b[33mvalue\u001b[39m=\u001b[32m\"updated_at\"\u001b[39m\n                  \u001b[36m>\u001b[39m\n                    \u001b[0mUpdated (oldest)\u001b[0m\n                  \u001b[36m</option>\u001b[39m\n                  \u001b[36m<option\u001b[39m\n                    \u001b[33mvalue\u001b[39m=\u001b[32m\"-updated_at\"\u001b[39m\n                  \u001b[36m>\u001b[39m\n                    \u001b[0mUpdated (newest)\u001b[0m\n                  \u001b[36m</option>\u001b[39m\n                \u001b[36m</select>\u001b[39m\n              \u001b[36m</label>\u001b[39m\n            \u001b[36m</div>\u001b[39m\n            \u001b[36m<div\u001b[39m\n              \u001b[33mclass\u001b[39m=\u001b[32m\"exercise-search-actions\"\u001b[39m\n            \u001b[36m>\u001b[39m\n              \u001b[36m<button\u001b[39m\n                \u001b[33mclass\u001b[39m=\u001b[32m\"exercise-secondary-btn\"\u001b[39m\n                \u001b[33mtype\u001b[39m=\u001b[32m\"button\"\u001b[39m\n              \u001b[36m>\u001b[39m\n                \u001b[0mClear Filters\u001b[0m\n              \u001b[36m</button>\u001b[39m\n            \u001b[36m</div>\u001b[39m\n            \u001b[36m<div\u001b[39m\n              \u001b[33maria-busy\u001b[39m=\u001b[32m\"false\"\u001b[39m\n              \u001b[33mclass\u001b[39m=\u001b[32m\"exercise-list\"\u001b[39m\n            \u001b[36m>\u001b[39m\n              \u001b[36m<p\u001b[39m\n                \u001b[33mclass\u001b[39m=\u001b[32m\"exercise-empty\"\u001b[39m\n                \u001b[33mrole\u001b[39m=\u001b[32m\"status\"\u001b[39m\n              \u001b[36m>\u001b[39m\n                \u001b[0mNo exercises found.\u001b[0m\n              \u001b[36m</p>\u001b[39m\n            \u001b[36m</div>\u001b[39m\n          \u001b[36m</section>\u001b[39m\n        \u001b[36m</aside>\u001b[39m\n      \u001b[36m</div>\u001b[39m\n      \u001b[36m<section\u001b[39m\n        \u001b[33maria-label\u001b[39m=\u001b[32m\"Workout Builder\"\u001b[39m\n        \u001b[33mclass\u001b[39m=\u001b[32m\"exercise-workout-panel\"\u001b[39m\n      \u001b[36m>\u001b[39m\n        \u001b[36m<header\u001b[39m\n          \u001b[33mclass\u001b[39m=\u001b[32m\"exercise-panel-header\"\u001b[39m\n        \u001b[36m>\u001b[39m\n          \u001b[36m<div\u001b[39m\n            \u001b[33mclass\u001b[39m=\u001b[32m\"exercise-panel-header-top\"\u001b[39m\n          \u001b[36m>\u001b[39m\n            \u001b[36m<div>\u001b[39m\n              \u001b[36m<h2>\u001b[39m\n                \u001b[0mWorkouts\u001b[0m\n              \u001b[36m</h2>\u001b[39m\n              \u001b[36m<p>\u001b[39m\n                \u001b[0mCreate executable workouts from exercises and push them to Calendar.\u001b[0m\n              \u001b[36m</p>\u001b[39m\n            \u001b[36m</div>\u001b[39m\n            \u001b[36m<button\u001b[39m\n              \u001b[33mclass\u001b[39m=\u001b[32m\"exercise-primary-btn\"\u001b[39m\n              \u001b[33mtype\u001b[39m=\u001b[32m\"button\"\u001b[39m\n            \u001b[36m>\u001b[39m\n              \u001b[0mNew Workout\u001b[0m\n            \u001b[36m</button>\u001b[39m\n          \u001b[36m</div>\u001b[39m\n        \u001b[36m</header>\u001b[39m\n        \u001b[36m<p\u001b[39m\n          \u001b[33mclass\u001b[39m=\u001b[32m\"exercise-empty\"\u001b[39m\n        \u001b[36m>\u001b[39m\n          \u001b[0mNo workouts created yet.\u001b[0m\n        \u001b[36m</p>\u001b[39m\n      \u001b[36m</section>\u001b[39m\n    \u001b[36m</main>\u001b[39m\n  \u001b[36m</div>\u001b[39m\n\u001b[36m</body>\u001b[39m\n    at Object.getElementError (C:\\Users\\augus\\Documents\\Programming\\StayFrostyStudios\\WODTrackrProject\\WODTrackr_FrontEnd\\node_modules\\@testing-library\\dom\\dist\\config.js:37:19)\n    at getElementError (C:\\Users\\augus\\Documents\\Programming\\StayFrostyStudios\\WODTrackrProject\\WODTrackr_FrontEnd\\node_modules\\@testing-library\\dom\\dist\\query-helpers.js:20:35)\n    at getMultipleElementsFoundError (C:\\Users\\augus\\Documents\\Programming\\StayFrostyStudios\\WODTrackrProject\\WODTrackr_FrontEnd\\node_modules\\@testing-library\\dom\\dist\\query-helpers.js:23:10)\n    at C:\\Users\\augus\\Documents\\Programming\\StayFrostyStudios\\WODTrackrProject\\WODTrackr_FrontEnd\\node_modules\\@testing-library\\dom\\dist\\query-helpers.js:55:13\n    at C:\\Users\\augus\\Documents\\Programming\\StayFrostyStudios\\WODTrackrProject\\WODTrackr_FrontEnd\\node_modules\\@testing-library\\dom\\dist\\query-helpers.js:95:19\n    at C:/Users/augus/Documents/Programming/StayFrostyStudios/WODTrackrProject/WODTrackr_FrontEnd/src/tests/Exercises.test.jsx:30:21\n    at file:///C:/Users/augus/Documents/Programming/StayFrostyStudios/WODTrackrProject/WODTrackr_FrontEnd/node_modules/@vitest/runner/dist/chunk-artifact.js:302:11\n    at file:///C:/Users/augus/Documents/Programming/StayFrostyStudios/WODTrackrProject/WODTrackr_FrontEnd/node_modules/@vitest/runner/dist/chunk-artifact.js:1903:26\n    at file:///C:/Users/augus/Documents/Programming/StayFrostyStudios/WODTrackrProject/WODTrackr_FrontEnd/node_modules/@vitest/runner/dist/chunk-artifact.js:2326:20\n    at new Promise (<anonymous>)"],"meta":{},"tags":[]},{"ancestorTitles":["Exercises Component","Rendering"],"fullName":"Exercises Component Rendering should render search and filter controls","status":"passed","title":"should render search and filter controls","duration":20.041600000000017,"failureMessages":[],"meta":{},"tags":[]},{"ancestorTitles":["Exercises Component","Rendering"],"fullName":"Exercises Component Rendering should render Add Exercise button","status":"passed","title":"should render Add Exercise button","duration":10.074799999999868,"failureMessages":[],"meta":{},"tags":[]},{"ancestorTitles":["Exercises Component","Exercise Grid"],"fullName":"Exercises Component Exercise Grid should display list of exercises","status":"passed","title":"should display list of exercises","duration":20.66319999999996,"failureMessages":[],"meta":{},"tags":[]},{"ancestorTitles":["Exercises Component","Exercise Grid"],"fullName":"Exercises Component Exercise Grid should show empty state when no exercises exist","status":"passed","title":"should show empty state when no exercises exist","duration":13.157000000000153,"failureMessages":[],"meta":{},"tags":[]},{"ancestorTitles":["Exercises Component","Exercise Grid"],"fullName":"Exercises Component Exercise Grid should display exercise count","status":"passed","title":"should display exercise count","duration":346.9036000000001,"failureMessages":[],"meta":{},"tags":[]},{"ancestorTitles":["Exercises Component","Search Functionality"],"fullName":"Exercises Component Search Functionality should search exercises by name","status":"passed","title":"should search exercises by name","duration":492.4580000000001,"failureMessages":[],"meta":{},"tags":[]},{"ancestorTitles":["Exercises Component","Search Functionality"],"fullName":"Exercises Component Search Functionality should debounce search requests","status":"passed","title":"should debounce search requests","duration":489.7138,"failureMessages":[],"meta":{},"tags":[]},{"ancestorTitles":["Exercises Component","Filtering"],"fullName":"Exercises Component Filtering should filter by category","status":"passed","title":"should filter by category","duration":365.06849999999986,"failureMessages":[],"meta":{},"tags":[]},{"ancestorTitles":["Exercises Component","Filtering"],"fullName":"Exercises Component Filtering should filter by equipment","status":"passed","title":"should filter by equipment","duration":374.36770000000024,"failureMessages":[],"meta":{},"tags":[]},{"ancestorTitles":["Exercises Component","Filtering"],"fullName":"Exercises Component Filtering should clear all filters","status":"passed","title":"should clear all filters","duration":162.9439000000002,"failureMessages":[],"meta":{},"tags":[]},{"ancestorTitles":["Exercises Component","Sorting"],"fullName":"Exercises Component Sorting should sort exercises by different options","status":"passed","title":"should sort exercises by different options","duration":350.0077000000001,"failureMessages":[],"meta":{},"tags":[]},{"ancestorTitles":["Exercises Component","Pagination"],"fullName":"Exercises Component Pagination should show Load More button when there are more exercises","status":"passed","title":"should show Load More button when there are more exercises","duration":356.6980000000003,"failureMessages":[],"meta":{},"tags":[]},{"ancestorTitles":["Exercises Component","Pagination"],"fullName":"Exercises Component Pagination should load more exercises on Load More click","status":"failed","title":"should load more exercises on Load More click","duration":76.86909999999989,"failureMessages":["TestingLibraryElementError: Unable to find an element with the text: Load More. This could be because the text is broken up by multiple elements. In this case, you can provide a function for your text matcher to make your matcher more flexible.\n\nIgnored nodes: comments, script, style\n\u001b[36m<body>\u001b[39m\n  \u001b[36m<div>\u001b[39m\n    \u001b[36m<main\u001b[39m\n      \u001b[33maria-label\u001b[39m=\u001b[32m\"Exercise Library\"\u001b[39m\n      \u001b[33mclass\u001b[39m=\u001b[32m\"exercise-page\"\u001b[39m\n    \u001b[36m>\u001b[39m\n      \u001b[36m<section\u001b[39m\n        \u001b[33mclass\u001b[39m=\u001b[32m\"exercise-top-actions\"\u001b[39m\n      \u001b[36m>\u001b[39m\n        \u001b[36m<button\u001b[39m\n          \u001b[33mclass\u001b[39m=\u001b[32m\"exercise-secondary-btn\"\u001b[39m\n          \u001b[33mtype\u001b[39m=\u001b[32m\"button\"\u001b[39m\n        \u001b[36m>\u001b[39m\n          \u001b[0mCreate Workout\u001b[0m\n        \u001b[36m</button>\u001b[39m\n      \u001b[36m</section>\u001b[39m\n      \u001b[36m<div\u001b[39m\n        \u001b[33mclass\u001b[39m=\u001b[32m\"exercise-modal-backdrop\"\u001b[39m\n        \u001b[33mrole\u001b[39m=\u001b[32m\"presentation\"\u001b[39m\n      \u001b[36m>\u001b[39m\n        \u001b[36m<aside\u001b[39m\n          \u001b[33maria-labelledby\u001b[39m=\u001b[32m\"exercise-library-modal-title\"\u001b[39m\n          \u001b[33maria-modal\u001b[39m=\u001b[32m\"true\"\u001b[39m\n          \u001b[33mclass\u001b[39m=\u001b[32m\"exercise-modal exercise-library-modal\"\u001b[39m\n          \u001b[33mrole\u001b[39m=\u001b[32m\"dialog\"\u001b[39m\n        \u001b[36m>\u001b[39m\n          \u001b[36m<header\u001b[39m\n            \u001b[33mclass\u001b[39m=\u001b[32m\"exercise-modal-header\"\u001b[39m\n          \u001b[36m>\u001b[39m\n            \u001b[36m<div>\u001b[39m\n              \u001b[36m<h2\u001b[39m\n                \u001b[33mid\u001b[39m=\u001b[32m\"exercise-library-modal-title\"\u001b[39m\n              \u001b[36m>\u001b[39m\n                \u001b[0mExercise Library\u001b[0m\n              \u001b[36m</h2>\u001b[39m\n              \u001b[36m<p>\u001b[39m\n                \u001b[0mSearch and review your exercise list.\u001b[0m\n              \u001b[36m</p>\u001b[39m\n            \u001b[36m</div>\u001b[39m\n            \u001b[36m<button\u001b[39m\n              \u001b[33mclass\u001b[39m=\u001b[32m\"exercise-secondary-btn\"\u001b[39m\n              \u001b[33mtype\u001b[39m=\u001b[32m\"button\"\u001b[39m\n            \u001b[36m>\u001b[39m\n              \u001b[0mClose\u001b[0m\n            \u001b[36m</button>\u001b[39m\n          \u001b[36m</header>\u001b[39m\n          \u001b[36m<section\u001b[39m\n            \u001b[33mclass\u001b[39m=\u001b[32m\"exercise-library-panel\"\u001b[39m\n          \u001b[36m>\u001b[39m\n            \u001b[36m<header\u001b[39m\n              \u001b[33mclass\u001b[39m=\u001b[32m\"exercise-panel-header\"\u001b[39m\n            \u001b[36m>\u001b[39m\n              \u001b[36m<div\u001b[39m\n                \u001b[33mclass\u001b[39m=\u001b[32m\"exercise-panel-header-top\"\u001b[39m\n              \u001b[36m>\u001b[39m\n                \u001b[36m<div>\u001b[39m\n                  \u001b[36m<h1>\u001b[39m\n                    \u001b[0mExercise Library\u001b[0m\n                  \u001b[36m</h1>\u001b[39m\n                  \u001b[36m<p>\u001b[39m\n                    \u001b[0mSearch and review your exercise list.\u001b[0m\n                  \u001b[36m</p>\u001b[39m\n                \u001b[36m</div>\u001b[39m\n                \u001b[36m<div\u001b[39m\n                  \u001b[33mclass\u001b[39m=\u001b[32m\"exercise-header-actions\"\u001b[39m\n                \u001b[36m>\u001b[39m\n                  \u001b[36m<button\u001b[39m\n                    \u001b[33mclass\u001b[39m=\u001b[32m\"exercise-primary-btn\"\u001b[39m\n                    \u001b[33mtype\u001b[39m=\u001b[32m\"button\"\u001b[39m\n                  \u001b[36m>\u001b[39m\n                    \u001b[0mAdd Exercise\u001b[0m\n                  \u001b[36m</button>\u001b[39m\n                \u001b[36m</div>\u001b[39m\n              \u001b[36m</div>\u001b[39m\n              \u001b[36m<div\u001b[39m\n                \u001b[33maria-atomic\u001b[39m=\u001b[32m\"true\"\u001b[39m\n                \u001b[33maria-live\u001b[39m=\u001b[32m\"polite\"\u001b[39m\n                \u001b[33mclass\u001b[39m=\u001b[32m\"exercise-counts\"\u001b[39m\n              \u001b[36m>\u001b[39m\n                \u001b[36m<span>\u001b[39m\n                  \u001b[0m0\u001b[0m\n                  \u001b[0m total\u001b[0m\n                \u001b[36m</span>\u001b[39m\n                \u001b[36m<span>\u001b[39m\n                  \u001b[0m0\u001b[0m\n                  \u001b[0m shown\u001b[0m\n                \u001b[36m</span>\u001b[39m\n              \u001b[36m</div>\u001b[39m\n            \u001b[36m</header>\u001b[39m\n            \u001b[36m<div\u001b[39m\n              \u001b[33mclass\u001b[39m=\u001b[32m\"exercise-search-grid\"\u001b[39m\n            \u001b[36m>\u001b[39m\n              \u001b[36m<label\u001b[39m\n                \u001b[33mclass\u001b[39m=\u001b[32m\"exercise-field exercise-field-wide\"\u001b[39m\n              \u001b[36m>\u001b[39m\n                \u001b[36m<span>\u001b[39m\n                  \u001b[0mSearch by name\u001b[0m\n                \u001b[36m</span>\u001b[39m\n                \u001b[36m<input\u001b[39m\n                  \u001b[33mname\u001b[39m=\u001b[32m\"name\"\u001b[39m\n                  \u001b[33mplaceholder\u001b[39m=\u001b[32m\"Back squat, pull-up, row\"\u001b[39m\n                  \u001b[33mtype\u001b[39m=\u001b[32m\"text\"\u001b[39m\n                  \u001b[33mvalue\u001b[39m=\u001b[32m\"\"\u001b[39m\n                \u001b[36m/>\u001b[39m\n              \u001b[36m</label>\u001b[39m\n              \u001b[36m<label\u001b[39m\n                \u001b[33mclass\u001b[39m=\u001b[32m\"exercise-field\"\u001b[39m\n              \u001b[36m>\u001b[39m\n                \u001b[36m<span>\u001b[39m\n                  \u001b[0mCategory\u001b[0m\n                \u001b[36m</span>\u001b[39m\n                \u001b[36m<select\u001b[39m\n                  \u001b[33mname\u001b[39m=\u001b[32m\"category\"\u001b[39m\n                \u001b[36m>\u001b[39m\n                  \u001b[36m<option\u001b[39m\n                    \u001b[33mvalue\u001b[39m=\u001b[32m\"\"\u001b[39m\n                  \u001b[36m>\u001b[39m\n                    \u001b[0mAll\u001b[0m\n                  \u001b[36m</option>\u001b[39m\n                \u001b[36m</select>\u001b[39m\n              \u001b[36m</label>\u001b[39m\n              \u001b[36m<label\u001b[39m\n                \u001b[33mclass\u001b[39m=\u001b[32m\"exercise-field\"\u001b[39m\n              \u001b[36m>\u001b[39m\n                \u001b[36m<span>\u001b[39m\n                  \u001b[0mEquipment\u001b[0m\n                \u001b[36m</span>\u001b[39m\n                \u001b[36m<select\u001b[39m\n                  \u001b[33mname\u001b[39m=\u001b[32m\"equipment\"\u001b[39m\n                \u001b[36m>\u001b[39m\n                  \u001b[36m<option\u001b[39m\n                    \u001b[33mvalue\u001b[39m=\u001b[32m\"\"\u001b[39m\n                  \u001b[36m>\u001b[39m\n                    \u001b[0mAll\u001b[0m\n                  \u001b[36m</option>\u001b[39m\n                  \u001b[36m<option\u001b[39m\n                    \u001b[33mvalue\u001b[39m=\u001b[32m\"1\"\u001b[39m\n                  \u001b[36m>\u001b[39m\n                    \u001b[0mExercise 1\u001b[0m\n                  \u001b[36m</option>\u001b[39m\n                  \u001b[36m<option\u001b[39m\n                    \u001b[33mvalue\u001b[39m=\u001b[32m\"2\"\u001b[39m\n                  \u001b[36m>\u001b[39m\n                    \u001b[0mExercise 2\u001b[0m\n                  \u001b[36m</option>\u001b[39m\n                  \u001b[36m<option\u001b[39m\n                    \u001b[33mvalue\u001b[39m=\u001b[32m\"3\"\u001b[39m\n                  \u001b[36m>\u001b[39m\n                    \u001b[0mExercise 3\u001b[0m\n                  \u001b[36m</option>\u001b[39m\n                  \u001b[36m<option\u001b[39m\n                    \u001b[33mvalue\u001b[39m=\u001b[32m\"4\"\u001b[39m\n                  \u001b[36m>\u001b[39m\n                    \u001b[0mExercise 4\u001b[0m\n                  \u001b[36m</option>\u001b[39m\n                  \u001b[36m<option\u001b[39m\n                    \u001b[33mvalue\u001b[39m=\u001b[32m\"5\"\u001b[39m\n                  \u001b[36m>\u001b[39m\n                    \u001b[0mExercise 5\u001b[0m\n                  \u001b[36m</option>\u001b[39m\n                  \u001b[36m<option\u001b[39m\n                    \u001b[33mvalue\u001b[39m=\u001b[32m\"6\"\u001b[39m\n                  \u001b[36m>\u001b[39m\n                    \u001b[0mExercise 6\u001b[0m\n                  \u001b[36m</option>\u001b[39m\n                  \u001b[36m<option\u001b[39m\n                    \u001b[33mvalue\u001b[39m=\u001b[32m\"7\"\u001b[39m\n                  \u001b[36m>\u001b[39m\n                    \u001b[0mExercise 7\u001b[0m\n                  \u001b[36m</option>\u001b[39m\n                  \u001b[36m<option\u001b[39m\n                    \u001b[33mvalue\u001b[39m=\u001b[32m\"8\"\u001b[39m\n                  \u001b[36m>\u001b[39m\n                    \u001b[0mExercise 8\u001b[0m\n                  \u001b[36m</option>\u001b[39m\n                  \u001b[36m<option\u001b[39m\n                    \u001b[33mvalue\u001b[39m=\u001b[32m\"9\"\u001b[39m\n                  \u001b[36m>\u001b[39m\n                    \u001b[0mExercise 9\u001b[0m\n                  \u001b[36m</option>\u001b[39m\n                  \u001b[36m<option\u001b[39m\n                    \u001b[33mvalue\u001b[39m=\u001b[32m\"10\"\u001b[39m\n                  \u001b[36m>\u001b[39m\n                    \u001b[0mExercise 10\u001b[0m\n                  \u001b[36m</option>\u001b[39m\n                  \u001b[36m<option\u001b[39m\n                    \u001b[33mvalue\u001b[39m=\u001b[32m\"11\"\u001b[39m\n                  \u001b[36m>\u001b[39m\n                    \u001b[0mExercise 11\u001b[0m\n                  \u001b[36m</option>\u001b[39m\n                  \u001b[36m<option\u001b[39m\n                    \u001b[33mvalue\u001b[39m=\u001b[32m\"12\"\u001b[39m\n                  \u001b[36m>\u001b[39m\n                    \u001b[0mExercise 12\u001b[0m\n                  \u001b[36m</option>\u001b[39m\n                  \u001b[36m<option\u001b[39m\n                    \u001b[33mvalue\u001b[39m=\u001b[32m\"13\"\u001b[39m\n                  \u001b[36m>\u001b[39m\n                    \u001b[0mExercise 13\u001b[0m\n                  \u001b[36m</option>\u001b[39m\n                  \u001b[36m<option\u001b[39m\n                    \u001b[33mvalue\u001b[39m=\u001b[32m\"14\"\u001b[39m\n                  \u001b[36m>\u001b[39m\n                    \u001b[0mExercise 14\u001b[0m\n                  \u001b[36m</option>\u001b[39m\n                  \u001b[36m<option\u001b[39m\n                    \u001b[33mvalue\u001b[39m=\u001b[32m\"15\"\u001b[39m\n                  \u001b[36m>\u001b[39m\n                    \u001b[0mExercise 15\u001b[0m\n                  \u001b[36m</option>\u001b[39m\n                  \u001b[36m<option\u001b[39m\n                    \u001b[33mvalue\u001b[39m=\u001b[32m\"16\"\u001b[39m\n                  \u001b[36m>\u001b[39m\n                    \u001b[0mExercise 16\u001b[0m\n                  \u001b[36m</option>\u001b[39m\n                  \u001b[36m<option\u001b[39m\n                    \u001b[33mvalue\u001b[39m=\u001b[32m\"17\"\u001b[39m\n                  \u001b[36m>\u001b[39m\n                    \u001b[0mExercise 17\u001b[0m\n                  \u001b[36m</option>\u001b[39m\n                  \u001b[36m<option\u001b[39m\n                    \u001b[33mvalue\u001b[39m=\u001b[32m\"18\"\u001b[39m\n                  \u001b[36m>\u001b[39m\n                    \u001b[0mExercise 18\u001b[0m\n                  \u001b[36m</option>\u001b[39m\n                  \u001b[36m<option\u001b[39m\n                    \u001b[33mvalue\u001b[39m=\u001b[32m\"19\"\u001b[39m\n                  \u001b[36m>\u001b[39m\n                    \u001b[0mExercise 19\u001b[0m\n                  \u001b[36m</option>\u001b[39m\n                  \u001b[36m<option\u001b[39m\n                    \u001b[33mvalue\u001b[39m=\u001b[32m\"20\"\u001b[39m\n                  \u001b[36m>\u001b[39m\n                    \u001b[0mExercise 20\u001b[0m\n                  \u001b[36m</option>\u001b[39m\n                  \u001b[36m<option\u001b[39m\n                    \u001b[33mvalue\u001b[39m=\u001b[32m\"21\"\u001b[39m\n                  \u001b[36m>\u001b[39m\n                    \u001b[0mExercise 21\u001b[0m\n                  \u001b[36m</option>\u001b[39m\n                  \u001b[36m<option\u001b[39m\n                    \u001b[33mvalue\u001b[39m=\u001b[32m\"22\"\u001b[39m\n                  \u001b[36m>\u001b[39m\n                    \u001b[0mExercise 22\u001b[0m\n                  \u001b[36m</option>\u001b[39m\n                  \u001b[36m<option\u001b[39m\n                    \u001b[33mvalue\u001b[39m=\u001b[32m\"23\"\u001b[39m\n                  \u001b[36m>\u001b[39m\n                    \u001b[0mExercise 23\u001b[0m\n                  \u001b[36m</option>\u001b[39m\n                  \u001b[36m<option\u001b[39m\n                    \u001b[33mvalue\u001b[39m=\u001b[32m\"24\"\u001b[39m\n                  \u001b[36m>\u001b[39m\n                    \u001b[0mExercise 24\u001b[0m\n                  \u001b[36m</option>\u001b[39m\n                  \u001b[36m<option\u001b[39m\n                    \u001b[33mvalue\u001b[39m=\u001b[32m\"25\"\u001b[39m\n                  \u001b[36m>\u001b[39m\n                    \u001b[0mExercise 25\u001b[0m\n                  \u001b[36m</option>\u001b[39m\n                \u001b[36m</select>\u001b[39m\n              \u001b[36m</label>\u001b[39m\n              \u001b[36m<label\u001b[39m\n                \u001b[33mclass\u001b[39m=\u001b[32m\"exercise-field\"\u001b[39m\n              \u001b[36m>\u001b[39m\n                \u001b[36m<span>\u001b[39m\n                  \u001b[0mMuscle\u001b[0m\n                \u001b[36m</span>\u001b[39m\n                \u001b[36m<select\u001b[39m\n                  \u001b[33mname\u001b[39m=\u001b[32m\"muscle\"\u001b[39m\n                \u001b[36m>\u001b[39m\n                  \u001b[36m<option\u001b[39m\n                    \u001b[33mvalue\u001b[39m=\u001b[32m\"\"\u001b[39m\n                  \u001b[36m>\u001b[39m\n                    \u001b[0mAll\u001b[0m\n                  \u001b[36m</option>\u001b[39m\n                \u001b[36m</select>\u001b[39m\n              \u001b[36m</label>\u001b[39m\n              \u001b[36m<label\u001b[39m\n                \u001b[33mclass\u001b[39m=\u001b[32m\"exercise-field exercise-field-wide\"\u001b[39m\n              \u001b[36m>\u001b[39m\n                \u001b[36m<span>\u001b[39m\n                  \u001b[0mSort by\u001b[0m\n                \u001b[36m</span>\u001b[39m\n                \u001b[36m<select\u001b[39m\n                  \u001b[33mname\u001b[39m=\u001b[32m\"ordering\"\u001b[39m\n                \u001b[36m>\u001b[39m\n                  \u001b[36m<option\u001b[39m\n                    \u001b[33mvalue\u001b[39m=\u001b[32m\"name\"\u001b[39m\n                  \u001b[36m>\u001b[39m\n                    \u001b[0mName (A-Z)\u001b[0m\n                  \u001b[36m</option>\u001b[39m\n                  \u001b[36m<option\u001b[39m\n                    \u001b[33mvalue\u001b[39m=\u001b[32m\"-name\"\u001b[39m\n                  \u001b[36m>\u001b[39m\n                    \u001b[0mName (Z-A)\u001b[0m\n                  \u001b[36m</option>\u001b[39m\n                  \u001b[36m<option\u001b[39m\n                    \u001b[33mvalue\u001b[39m=\u001b[32m\"created_at\"\u001b[39m\n                  \u001b[36m>\u001b[39m\n                    \u001b[0mCreated (oldest)\u001b[0m\n                  \u001b[36m</option>\u001b[39m\n                  \u001b[36m<option\u001b[39m\n                    \u001b[33mvalue\u001b[39m=\u001b[32m\"-created_at\"\u001b[39m\n                  \u001b[36m>\u001b[39m\n                    \u001b[0mCreated (newest)\u001b[0m\n                  \u001b[36m</option>\u001b[39m\n                  \u001b[36m<option\u001b[39m\n                    \u001b[33mvalue\u001b[39m=\u001b[32m\"updated_at\"\u001b[39m\n                  \u001b[36m>\u001b[39m\n                    \u001b[0mUpdated (oldest)\u001b[0m\n                  \u001b[36m</option>\u001b[39m\n                  \u001b[36m<option\u001b[39m\n                    \u001b[33mvalue\u001b[39m=\u001b[32m\"-updated_at\"\u001b[39m\n                  \u001b[36m>\u001b[39m\n                    \u001b[0mUpdated (newest)\u001b[0m\n                  \u001b[36m</option>\u001b[39m\n                \u001b[36m</select>\u001b[39m\n              \u001b[36m</label>\u001b[39m\n            \u001b[36m</div>\u001b[39m\n            \u001b[36m<div\u001b[39m\n              \u001b[33mclass\u001b[39m=\u001b[32m\"exercise-search-actions\"\u001b[39m\n            \u001b[36m>\u001b[39m\n              \u001b[36m<button\u001b[39m\n                \u001b[33mclass\u001b[39m=\u001b[32m\"exercise-secondary-btn\"\u001b[39m\n                \u001b[33mtype\u001b[39m=\u001b[32m\"button\"\u001b[39m\n              \u001b[36m>\u001b[39m\n                \u001b[0mClear Filters\u001b[0m\n              \u001b[36m</button>\u001b[39m\n            \u001b[36m</div>\u001b[39m\n            \u001b[36m<div\u001b[39m\n              \u001b[33maria-busy\u001b[39m=\u001b[32m\"false\"\u001b[39m\n              \u001b[33mclass\u001b[39m=\u001b[32m\"exercise-list\"\u001b[39m\n            \u001b[36m>\u001b[39m\n              \u001b[36m<p\u001b[39m\n                \u001b[33mclass\u001b[39m=\u001b[32m\"exercise-empty\"\u001b[39m\n                \u001b[33mrole\u001b[39m=\u001b[32m\"status\"\u001b[39m\n              \u001b[36m>\u001b[39m\n                \u001b[0mNo exercises found.\u001b[0m\n              \u001b[36m</p>\u001b[39m\n            \u001b[36m</div>\u001b[39m\n          \u001b[36m</section>\u001b[39m\n        \u001b[36m</aside>\u001b[39m\n      \u001b[36m</div>\u001b[39m\n      \u001b[36m<section\u001b[39m\n        \u001b[33maria-label\u001b[39m=\u001b[32m\"Workout Builder\"\u001b[39m\n        \u001b[33mclass\u001b[39m=\u001b[32m\"exercise-workout-panel\"\u001b[39m\n      \u001b[36m>\u001b[39m\n        \u001b[36m<header\u001b[39m\n          \u001b[33mclass\u001b[39m=\u001b[32m\"exercise-panel-header\"\u001b[39m\n        \u001b[36m>\u001b[39m\n          \u001b[36m<div\u001b[39m\n            \u001b[33mclass\u001b[39m=\u001b[32m\"exercise-panel-header-top\"\u001b[39m\n          \u001b[36m>\u001b[39m\n            \u001b[36m<div>\u001b[39m\n              \u001b[36m<h2>\u001b[39m\n                \u001b[0mWorkouts\u001b[0m\n              \u001b[36m</h2>\u001b[39m\n              \u001b[36m<p>\u001b[39m\n                \u001b[0mCreate executable workouts from exercises and push them to Calendar.\u001b[0m\n              \u001b[36m</p>\u001b[39m\n            \u001b[36m</div>\u001b[39m\n            \u001b[36m<button\u001b[39m\n              \u001b[33mclass\u001b[39m=\u001b[32m\"exercise-primary-btn\"\u001b[39m\n              \u001b[33mtype\u001b[39m=\u001b[32m\"button\"\u001b[39m\n            \u001b[36m>\u001b[39m\n              \u001b[0mNew Workout\u001b[0m\n            \u001b[36m</button>\u001b[39m\n          \u001b[36m</div>\u001b[39m\n        \u001b[36m</header>\u001b[39m\n        \u001b[36m<p\u001b[39m\n          \u001b[33mclass\u001b[39m=\u001b[32m\"exercise-empty\"\u001b[39m\n        \u001b[36m>\u001b[39m\n          \u001b[0mNo workouts created yet.\u001b[0m\n        \u001b[36m</p>\u001b[39m\n      \u001b[36m</section>\u001b[39m\n    \u001b[36m</main>\u001b[39m\n  \u001b[36m</div>\u001b[39m\n\u001b[36m</body>\u001b[39m\n    at Object.getElementError (C:\\Users\\augus\\Documents\\Programming\\StayFrostyStudios\\WODTrackrProject\\WODTrackr_FrontEnd\\node_modules\\@testing-library\\dom\\dist\\config.js:37:19)\n    at C:\\Users\\augus\\Documents\\Programming\\StayFrostyStudios\\WODTrackrProject\\WODTrackr_FrontEnd\\node_modules\\@testing-library\\dom\\dist\\query-helpers.js:76:38\n    at C:\\Users\\augus\\Documents\\Programming\\StayFrostyStudios\\WODTrackrProject\\WODTrackr_FrontEnd\\node_modules\\@testing-library\\dom\\dist\\query-helpers.js:52:17\n    at C:\\Users\\augus\\Documents\\Programming\\StayFrostyStudios\\WODTrackrProject\\WODTrackr_FrontEnd\\node_modules\\@testing-library\\dom\\dist\\query-helpers.js:95:19\n    at C:/Users/augus/Documents/Programming/StayFrostyStudios/WODTrackrProject/WODTrackr_FrontEnd/src/tests/Exercises.test.jsx:341:37\n    at file:///C:/Users/augus/Documents/Programming/StayFrostyStudios/WODTrackrProject/WODTrackr_FrontEnd/node_modules/@vitest/runner/dist/chunk-artifact.js:1903:20"],"meta":{},"tags":[]},{"ancestorTitles":["Exercises Component","Exercise Details Panel"],"fullName":"Exercises Component Exercise Details Panel should display selected exercise details","status":"failed","title":"should display selected exercise details","duration":1083.2348999999995,"failureMessages":["Error: Unable to find an element with the text: /A fundamental strength movement/. This could be because the text is broken up by multiple elements. In this case, you can provide a function for your text matcher to make your matcher more flexible.\n\nIgnored nodes: comments, script, style\n\u001b[36m<body>\u001b[39m\n  \u001b[36m<div>\u001b[39m\n    \u001b[36m<main\u001b[39m\n      \u001b[33maria-label\u001b[39m=\u001b[32m\"Exercise Library\"\u001b[39m\n      \u001b[33mclass\u001b[39m=\u001b[32m\"exercise-page\"\u001b[39m\n    \u001b[36m>\u001b[39m\n      \u001b[36m<section\u001b[39m\n        \u001b[33mclass\u001b[39m=\u001b[32m\"exercise-top-actions\"\u001b[39m\n      \u001b[36m>\u001b[39m\n        \u001b[36m<button\u001b[39m\n          \u001b[33mclass\u001b[39m=\u001b[32m\"exercise-secondary-btn\"\u001b[39m\n          \u001b[33mtype\u001b[39m=\u001b[32m\"button\"\u001b[39m\n        \u001b[36m>\u001b[39m\n          \u001b[0mCreate Workout\u001b[0m\n        \u001b[36m</button>\u001b[39m\n      \u001b[36m</section>\u001b[39m\n      \u001b[36m<div\u001b[39m\n        \u001b[33mclass\u001b[39m=\u001b[32m\"exercise-modal-backdrop\"\u001b[39m\n        \u001b[33mrole\u001b[39m=\u001b[32m\"presentation\"\u001b[39m\n      \u001b[36m>\u001b[39m\n        \u001b[36m<aside\u001b[39m\n          \u001b[33maria-labelledby\u001b[39m=\u001b[32m\"exercise-library-modal-title\"\u001b[39m\n          \u001b[33maria-modal\u001b[39m=\u001b[32m\"true\"\u001b[39m\n          \u001b[33mclass\u001b[39m=\u001b[32m\"exercise-modal exercise-library-modal\"\u001b[39m\n          \u001b[33mrole\u001b[39m=\u001b[32m\"dialog\"\u001b[39m\n        \u001b[36m>\u001b[39m\n          \u001b[36m<header\u001b[39m\n            \u001b[33mclass\u001b[39m=\u001b[32m\"exercise-modal-header\"\u001b[39m\n          \u001b[36m>\u001b[39m\n            \u001b[36m<div>\u001b[39m\n              \u001b[36m<h2\u001b[39m\n                \u001b[33mid\u001b[39m=\u001b[32m\"exercise-library-modal-title\"\u001b[39m\n              \u001b[36m>\u001b[39m\n                \u001b[0mExercise Library\u001b[0m\n              \u001b[36m</h2>\u001b[39m\n              \u001b[36m<p>\u001b[39m\n                \u001b[0mSearch and review your exercise list.\u001b[0m\n              \u001b[36m</p>\u001b[39m\n            \u001b[36m</div>\u001b[39m\n            \u001b[36m<button\u001b[39m\n              \u001b[33mclass\u001b[39m=\u001b[32m\"exercise-secondary-btn\"\u001b[39m\n              \u001b[33mtype\u001b[39m=\u001b[32m\"button\"\u001b[39m\n            \u001b[36m>\u001b[39m\n              \u001b[0mClose\u001b[0m\n            \u001b[36m</button>\u001b[39m\n          \u001b[36m</header>\u001b[39m\n          \u001b[36m<section\u001b[39m\n            \u001b[33mclass\u001b[39m=\u001b[32m\"exercise-library-panel\"\u001b[39m\n          \u001b[36m>\u001b[39m\n            \u001b[36m<header\u001b[39m\n              \u001b[33mclass\u001b[39m=\u001b[32m\"exercise-panel-header\"\u001b[39m\n            \u001b[36m>\u001b[39m\n              \u001b[36m<div\u001b[39m\n                \u001b[33mclass\u001b[39m=\u001b[32m\"exercise-panel-header-top\"\u001b[39m\n              \u001b[36m>\u001b[39m\n                \u001b[36m<div>\u001b[39m\n                  \u001b[36m<h1>\u001b[39m\n                    \u001b[0mExercise Library\u001b[0m\n                  \u001b[36m</h1>\u001b[39m\n                  \u001b[36m<p>\u001b[39m\n                    \u001b[0mSearch and review your exercise list.\u001b[0m\n                  \u001b[36m</p>\u001b[39m\n                \u001b[36m</div>\u001b[39m\n                \u001b[36m<div\u001b[39m\n                  \u001b[33mclass\u001b[39m=\u001b[32m\"exercise-header-actions\"\u001b[39m\n                \u001b[36m>\u001b[39m\n                  \u001b[36m<button\u001b[39m\n                    \u001b[33mclass\u001b[39m=\u001b[32m\"exercise-primary-btn\"\u001b[39m\n                    \u001b[33mtype\u001b[39m=\u001b[32m\"button\"\u001b[39m\n                  \u001b[36m>\u001b[39m\n                    \u001b[0mAdd Exercise\u001b[0m\n                  \u001b[36m</button>\u001b[39m\n                \u001b[36m</div>\u001b[39m\n              \u001b[36m</div>\u001b[39m\n              \u001b[36m<div\u001b[39m\n                \u001b[33maria-atomic\u001b[39m=\u001b[32m\"true\"\u001b[39m\n                \u001b[33maria-live\u001b[39m=\u001b[32m\"polite\"\u001b[39m\n                \u001b[33mclass\u001b[39m=\u001b[32m\"exercise-counts\"\u001b[39m\n              \u001b[36m>\u001b[39m\n                \u001b[36m<span>\u001b[39m\n                  \u001b[0m1\u001b[0m\n                  \u001b[0m total\u001b[0m\n                \u001b[36m</span>\u001b[39m\n                \u001b[36m<span>\u001b[39m\n                  \u001b[0m1\u001b[0m\n                  \u001b[0m shown\u001b[0m\n                \u001b[36m</span>\u001b[39m\n              \u001b[36m</div>\u001b[39m\n            \u001b[36m</header>\u001b[39m\n            \u001b[36m<div\u001b[39m\n              \u001b[33mclass\u001b[39m=\u001b[32m\"exercise-search-grid\"\u001b[39m\n            \u001b[36m>\u001b[39m\n              \u001b[36m<label\u001b[39m\n                \u001b[33mclass\u001b[39m=\u001b[32m\"exercise-field exercise-field-wide\"\u001b[39m\n              \u001b[36m>\u001b[39m\n                \u001b[36m<span>\u001b[39m\n                  \u001b[0mSearch by name\u001b[0m\n                \u001b[36m</span>\u001b[39m\n                \u001b[36m<input\u001b[39m\n                  \u001b[33mname\u001b[39m=\u001b[32m\"name\"\u001b[39m\n                  \u001b[33mplaceholder\u001b[39m=\u001b[32m\"Back squat, pull-up, row\"\u001b[39m\n                  \u001b[33mtype\u001b[39m=\u001b[32m\"text\"\u001b[39m\n                  \u001b[33mvalue\u001b[39m=\u001b[32m\"\"\u001b[39m\n                \u001b[36m/>\u001b[39m\n              \u001b[36m</label>\u001b[39m\n              \u001b[36m<label\u001b[39m\n                \u001b[33mclass\u001b[39m=\u001b[32m\"exercise-field\"\u001b[39m\n              \u001b[36m>\u001b[39m\n                \u001b[36m<span>\u001b[39m\n                  \u001b[0mCategory\u001b[0m\n                \u001b[36m</span>\u001b[39m\n                \u001b[36m<select\u001b[39m\n                  \u001b[33mname\u001b[39m=\u001b[32m\"category\"\u001b[39m\n                \u001b[36m>\u001b[39m\n                  \u001b[36m<option\u001b[39m\n                    \u001b[33mvalue\u001b[39m=\u001b[32m\"\"\u001b[39m\n                  \u001b[36m>\u001b[39m\n                    \u001b[0mAll\u001b[0m\n                  \u001b[36m</option>\u001b[39m\n                \u001b[36m</select>\u001b[39m\n              \u001b[36m</label>\u001b[39m\n              \u001b[36m<label\u001b[39m\n                \u001b[33mclass\u001b[39m=\u001b[32m\"exercise-field\"\u001b[39m\n              \u001b[36m>\u001b[39m\n                \u001b[36m<span>\u001b[39m\n                  \u001b[0mEquipment\u001b[0m\n                \u001b[36m</span>\u001b[39m\n                \u001b[36m<select\u001b[39m\n                  \u001b[33mname\u001b[39m=\u001b[32m\"equipment\"\u001b[39m\n                \u001b[36m>\u001b[39m\n                  \u001b[36m<option\u001b[39m\n                    \u001b[33mvalue\u001b[39m=\u001b[32m\"\"\u001b[39m\n                  \u001b[36m>\u001b[39m\n                    \u001b[0mAll\u001b[0m\n                  \u001b[36m</option>\u001b[39m\n                  \u001b[36m<option\u001b[39m\n                    \u001b[33mvalue\u001b[39m=\u001b[32m\"1\"\u001b[39m\n                  \u001b[36m>\u001b[39m\n                    \u001b[0mBack Squat\u001b[0m\n                  \u001b[36m</option>\u001b[39m\n                \u001b[36m</select>\u001b[39m\n              \u001b[36m</label>\u001b[39m\n              \u001b[36m<label\u001b[39m\n                \u001b[33mclass\u001b[39m=\u001b[32m\"exercise-field\"\u001b[39m\n              \u001b[36m>\u001b[39m\n                \u001b[36m<span>\u001b[39m\n                  \u001b[0mMuscle\u001b[0m\n                \u001b[36m</span>\u001b[39m\n                \u001b[36m<select\u001b[39m\n                  \u001b[33mname\u001b[39m=\u001b[32m\"muscle\"\u001b[39m\n                \u001b[36m>\u001b[39m\n                  \u001b[36m<option\u001b[39m\n                    \u001b[33mvalue\u001b[39m=\u001b[32m\"\"\u001b[39m\n                  \u001b[36m>\u001b[39m\n                    \u001b[0mAll\u001b[0m\n                  \u001b[36m</option>\u001b[39m\n                \u001b[36m</select>\u001b[39m\n              \u001b[36m</label>\u001b[39m\n              \u001b[36m<label\u001b[39m\n                \u001b[33mclass\u001b[39m=\u001b[32m\"exercise-field exercise-field-wide\"\u001b[39m\n              \u001b[36m>\u001b[39m\n                \u001b[36m<span>\u001b[39m\n                  \u001b[0mSort by\u001b[0m\n                \u001b[36m</span>\u001b[39m\n                \u001b[36m<select\u001b[39m\n                  \u001b[33mname\u001b[39m=\u001b[32m\"ordering\"\u001b[39m\n                \u001b[36m>\u001b[39m\n                  \u001b[36m<option\u001b[39m\n                    \u001b[33mvalue\u001b[39m=\u001b[32m\"name\"\u001b[39m\n                  \u001b[36m>\u001b[39m\n                    \u001b[0mName (A-Z)\u001b[0m\n                  \u001b[36m</option>\u001b[39m\n                  \u001b[36m<option\u001b[39m\n                    \u001b[33mvalue\u001b[39m=\u001b[32m\"-name\"\u001b[39m\n                  \u001b[36m>\u001b[39m\n                    \u001b[0mName (Z-A)\u001b[0m\n                  \u001b[36m</option>\u001b[39m\n                  \u001b[36m<option\u001b[39m\n                    \u001b[33mvalue\u001b[39m=\u001b[32m\"created_at\"\u001b[39m\n                  \u001b[36m>\u001b[39m\n                    \u001b[0mCreated (oldest)\u001b[0m\n                  \u001b[36m</option>\u001b[39m\n                  \u001b[36m<option\u001b[39m\n                    \u001b[33mvalue\u001b[39m=\u001b[32m\"-created_at\"\u001b[39m\n                  \u001b[36m>\u001b[39m\n                    \u001b[0mCreated (newest)\u001b[0m\n                  \u001b[36m</option>\u001b[39m\n                  \u001b[36m<option\u001b[39m\n                    \u001b[33mvalue\u001b[39m=\u001b[32m\"updated_at\"\u001b[39m\n                  \u001b[36m>\u001b[39m\n                    \u001b[0mUpdated (oldest)\u001b[0m\n                  \u001b[36m</option>\u001b[39m\n                  \u001b[36m<option\u001b[39m\n                    \u001b[33mvalue\u001b[39m=\u001b[32m\"-updated_at\"\u001b[39m\n                  \u001b[36m>\u001b[39m\n                    \u001b[0mUpdated (newest)\u001b[0m\n                  \u001b[36m</option>\u001b[39m\n                \u001b[36m</select>\u001b[39m\n              \u001b[36m</label>\u001b[39m\n            \u001b[36m</div>\u001b[39m\n            \u001b[36m<div\u001b[39m\n              \u001b[33mclass\u001b[39m=\u001b[32m\"exercise-search-actions\"\u001b[39m\n            \u001b[36m>\u001b[39m\n              \u001b[36m<button\u001b[39m\n                \u001b[33mclass\u001b[39m=\u001b[32m\"exercise-secondary-btn\"\u001b[39m\n                \u001b[33mtype\u001b[39m=\u001b[32m\"button\"\u001b[39m\n              \u001b[36m>\u001b[39m\n                \u001b[0mClear Filters\u001b[0m\n              \u001b[36m</button>\u001b[39m\n            \u001b[36m</div>\u001b[39m\n            \u001b[36m<div\u001b[39m\n              \u001b[33maria-busy\u001b[39m=\u001b[32m\"false\"\u001b[39m\n              \u001b[33maria-label\u001b[39m=\u001b[32m\"Exercises\"\u001b[39m\n              \u001b[33mclass\u001b[39m=\u001b[32m\"exercise-list\"\u001b[39m\n              \u001b[33mrole\u001b[39m=\u001b[32m\"listbox\"\u001b[39m\n            \u001b[36m>\u001b[39m\n              \u001b[36m<article\u001b[39m\n                \u001b[33maria-selected\u001b[39m=\u001b[32m\"true\"\u001b[39m\n                \u001b[33mclass\u001b[39m=\u001b[32m\"exercise-item exercise-item-selected\"\u001b[39m\n                \u001b[33mid\u001b[39m=\u001b[32m\"exercise-option-1\"\u001b[39m\n                \u001b[33mrole\u001b[39m=\u001b[32m\"option\"\u001b[39m\n                \u001b[33mtabindex\u001b[39m=\u001b[32m\"0\"\u001b[39m\n              \u001b[36m>\u001b[39m\n                \u001b[36m<div\u001b[39m\n                  \u001b[33mclass\u001b[39m=\u001b[32m\"exercise-header\"\u001b[39m\n                \u001b[36m>\u001b[39m\n                  \u001b[36m<h3>\u001b[39m\n                    \u001b[0mBack Squat\u001b[0m\n                  \u001b[36m</h3>\u001b[39m\n                  \u001b[36m<span>\u001b[39m\n                    \u001b[0mstrength\u001b[0m\n                  \u001b[36m</span>\u001b[39m\n                \u001b[36m</div>\u001b[39m\n                \u001b[36m<p\u001b[39m\n                  \u001b[33mclass\u001b[39m=\u001b[32m\"exercise-meta\"\u001b[39m\n                \u001b[36m>\u001b[39m\n                  \u001b[0mbarbell\u001b[0m\n                  \u001b[0m · \u001b[0m\n                  \u001b[0mlegs\u001b[0m\n                \u001b[36m</p>\u001b[39m\n                \u001b[36m<p\u001b[39m\n                  \u001b[33mclass\u001b[39m=\u001b[32m\"exercise-meta\"\u001b[39m\n                \u001b[36m>\u001b[39m\n                  \u001b[0mCreated by \u001b[0m\n                  \u001b[0mcoach1\u001b[0m\n                  \u001b[0m · \u001b[0m\n                  \u001b[0mPublic\u001b[0m\n                \u001b[36m</p>\u001b[39m\n                \u001b[36m<p\u001b[39m\n                  \u001b[33mclass\u001b[39m=\u001b[32m\"exercise-meta\"\u001b[39m\n                \u001b[36m>\u001b[39m\n                  \u001b[0mCreated \u001b[0m\n                  \u001b[0m12/31/2023, 4:00:00 PM\u001b[0m\n                  \u001b[0m · Updated \u001b[0m\n                  \u001b[0m12/31/2023, 4:00:00 PM\u001b[0m\n                \u001b[36m</p>\u001b[39m\n              \u001b[36m</article>\u001b[39m\n            \u001b[36m</div>\u001b[39m\n          \u001b[36m</section>\u001b[39m\n        \u001b[36m</aside>\u001b[39m\n      \u001b[36m</div>\u001b[39m\n      \u001b[36m<section\u001b[39m\n        \u001b[33maria-label\u001b[39m=\u001b[32m\"Workout Builder\"\u001b[39m\n        \u001b[33mclass\u001b[39m=\u001b[32m\"exercise-workout-panel\"\u001b[39m\n      \u001b[36m>\u001b[39m\n        \u001b[36m<header\u001b[39m\n          \u001b[33mclass\u001b[39m=\u001b[32m\"exercise-panel-header\"\u001b[39m\n        \u001b[36m>\u001b[39m\n          \u001b[36m<div\u001b[39m\n            \u001b[33mclass\u001b[39m=\u001b[32m\"exercise-panel-header-top\"\u001b[39m\n          \u001b[36m>\u001b[39m\n            \u001b[36m<div>\u001b[39m\n              \u001b[36m<h2>\u001b[39m\n                \u001b[0mWorkouts\u001b[0m\n              \u001b[36m</h2>\u001b[39m\n              \u001b[36m<p>\u001b[39m\n                \u001b[0mCreate executable workouts from exercises and push them to Calendar.\u001b[0m\n              \u001b[36m</p>\u001b[39m\n            \u001b[36m</div>\u001b[39m\n            \u001b[36m<button\u001b[39m\n              \u001b[33mclass\u001b[39m=\u001b[32m\"exercise-primary-btn\"\u001b[39m\n              \u001b[33mtype\u001b[39m=\u001b[32m\"button\"\u001b[39m\n            \u001b[36m>\u001b[39m\n              \u001b[0mNew Workout\u001b[0m\n            \u001b[36m</button>\u001b[39m\n          \u001b[36m</div>\u001b[39m\n        \u001b[36m</header>\u001b[39m\n        \u001b[36m<p\u001b[39m\n          \u001b[33mclass\u001b[39m=\u001b[32m\"exercise-empty\"\u001b[39m\n        \u001b[36m>\u001b[39m\n          \u001b[0mNo workouts created yet.\u001b[0m\n        \u001b[36m</p>\u001b[39m\n      \u001b[36m</section>\u001b[39m\n    \u001b[36m</main>\u001b[39m\n  \u001b[36m</div>\u001b[39m\n\u001b[36m</body>\u001b[39m\n    at Proxy.waitForWrapper (C:\\Users\\augus\\Documents\\Programming\\StayFrostyStudios\\WODTrackrProject\\WODTrackr_FrontEnd\\node_modules\\@testing-library\\dom\\dist\\wait-for.js:163:27)\n    at C:/Users/augus/Documents/Programming/StayFrostyStudios/WODTrackrProject/WODTrackr_FrontEnd/src/tests/Exercises.test.jsx:377:13\n    at file:///C:/Users/augus/Documents/Programming/StayFrostyStudios/WODTrackrProject/WODTrackr_FrontEnd/node_modules/@vitest/runner/dist/chunk-artifact.js:1903:20"],"meta":{},"tags":[]},{"ancestorTitles":["Exercises Component","Exercise Details Panel"],"fullName":"Exercises Component Exercise Details Panel should show delete button for exercises owned by current user and delete the exercise","status":"failed","title":"should show delete button for exercises owned by current user and delete the exercise","duration":1075.0735000000004,"failureMessages":["Error: Unable to find role=\"button\" and name \"Delete Exercise\"\n\nIgnored nodes: comments, script, style\n\u001b[36m<body>\u001b[39m\n  \u001b[36m<div>\u001b[39m\n    \u001b[36m<main\u001b[39m\n      \u001b[33maria-label\u001b[39m=\u001b[32m\"Exercise Library\"\u001b[39m\n      \u001b[33mclass\u001b[39m=\u001b[32m\"exercise-page\"\u001b[39m\n    \u001b[36m>\u001b[39m\n      \u001b[36m<section\u001b[39m\n        \u001b[33mclass\u001b[39m=\u001b[32m\"exercise-top-actions\"\u001b[39m\n      \u001b[36m>\u001b[39m\n        \u001b[36m<button\u001b[39m\n          \u001b[33mclass\u001b[39m=\u001b[32m\"exercise-secondary-btn\"\u001b[39m\n          \u001b[33mtype\u001b[39m=\u001b[32m\"button\"\u001b[39m\n        \u001b[36m>\u001b[39m\n          \u001b[0mCreate Workout\u001b[0m\n        \u001b[36m</button>\u001b[39m\n      \u001b[36m</section>\u001b[39m\n      \u001b[36m<div\u001b[39m\n        \u001b[33mclass\u001b[39m=\u001b[32m\"exercise-modal-backdrop\"\u001b[39m\n        \u001b[33mrole\u001b[39m=\u001b[32m\"presentation\"\u001b[39m\n      \u001b[36m>\u001b[39m\n        \u001b[36m<aside\u001b[39m\n          \u001b[33maria-labelledby\u001b[39m=\u001b[32m\"exercise-library-modal-title\"\u001b[39m\n          \u001b[33maria-modal\u001b[39m=\u001b[32m\"true\"\u001b[39m\n          \u001b[33mclass\u001b[39m=\u001b[32m\"exercise-modal exercise-library-modal\"\u001b[39m\n          \u001b[33mrole\u001b[39m=\u001b[32m\"dialog\"\u001b[39m\n        \u001b[36m>\u001b[39m\n          \u001b[36m<header\u001b[39m\n            \u001b[33mclass\u001b[39m=\u001b[32m\"exercise-modal-header\"\u001b[39m\n          \u001b[36m>\u001b[39m\n            \u001b[36m<div>\u001b[39m\n              \u001b[36m<h2\u001b[39m\n                \u001b[33mid\u001b[39m=\u001b[32m\"exercise-library-modal-title\"\u001b[39m\n              \u001b[36m>\u001b[39m\n                \u001b[0mExercise Library\u001b[0m\n              \u001b[36m</h2>\u001b[39m\n              \u001b[36m<p>\u001b[39m\n                \u001b[0mSearch and review your exercise list.\u001b[0m\n              \u001b[36m</p>\u001b[39m\n            \u001b[36m</div>\u001b[39m\n            \u001b[36m<button\u001b[39m\n              \u001b[33mclass\u001b[39m=\u001b[32m\"exercise-secondary-btn\"\u001b[39m\n              \u001b[33mtype\u001b[39m=\u001b[32m\"button\"\u001b[39m\n            \u001b[36m>\u001b[39m\n              \u001b[0mClose\u001b[0m\n            \u001b[36m</button>\u001b[39m\n          \u001b[36m</header>\u001b[39m\n          \u001b[36m<section\u001b[39m\n            \u001b[33mclass\u001b[39m=\u001b[32m\"exercise-library-panel\"\u001b[39m\n          \u001b[36m>\u001b[39m\n            \u001b[36m<header\u001b[39m\n              \u001b[33mclass\u001b[39m=\u001b[32m\"exercise-panel-header\"\u001b[39m\n            \u001b[36m>\u001b[39m\n              \u001b[36m<div\u001b[39m\n                \u001b[33mclass\u001b[39m=\u001b[32m\"exercise-panel-header-top\"\u001b[39m\n              \u001b[36m>\u001b[39m\n                \u001b[36m<div>\u001b[39m\n                  \u001b[36m<h1>\u001b[39m\n                    \u001b[0mExercise Library\u001b[0m\n                  \u001b[36m</h1>\u001b[39m\n                  \u001b[36m<p>\u001b[39m\n                    \u001b[0mSearch and review your exercise list.\u001b[0m\n                  \u001b[36m</p>\u001b[39m\n                \u001b[36m</div>\u001b[39m\n                \u001b[36m<div\u001b[39m\n                  \u001b[33mclass\u001b[39m=\u001b[32m\"exercise-header-actions\"\u001b[39m\n                \u001b[36m>\u001b[39m\n                  \u001b[36m<button\u001b[39m\n                    \u001b[33mclass\u001b[39m=\u001b[32m\"exercise-primary-btn\"\u001b[39m\n                    \u001b[33mtype\u001b[39m=\u001b[32m\"button\"\u001b[39m\n                  \u001b[36m>\u001b[39m\n                    \u001b[0mAdd Exercise\u001b[0m\n                  \u001b[36m</button>\u001b[39m\n                \u001b[36m</div>\u001b[39m\n              \u001b[36m</div>\u001b[39m\n              \u001b[36m<div\u001b[39m\n                \u001b[33maria-atomic\u001b[39m=\u001b[32m\"true\"\u001b[39m\n                \u001b[33maria-live\u001b[39m=\u001b[32m\"polite\"\u001b[39m\n                \u001b[33mclass\u001b[39m=\u001b[32m\"exercise-counts\"\u001b[39m\n              \u001b[36m>\u001b[39m\n                \u001b[36m<span>\u001b[39m\n                  \u001b[0m1\u001b[0m\n                  \u001b[0m total\u001b[0m\n                \u001b[36m</span>\u001b[39m\n                \u001b[36m<span>\u001b[39m\n                  \u001b[0m1\u001b[0m\n                  \u001b[0m shown\u001b[0m\n                \u001b[36m</span>\u001b[39m\n              \u001b[36m</div>\u001b[39m\n            \u001b[36m</header>\u001b[39m\n            \u001b[36m<div\u001b[39m\n              \u001b[33mclass\u001b[39m=\u001b[32m\"exercise-search-grid\"\u001b[39m\n            \u001b[36m>\u001b[39m\n              \u001b[36m<label\u001b[39m\n                \u001b[33mclass\u001b[39m=\u001b[32m\"exercise-field exercise-field-wide\"\u001b[39m\n              \u001b[36m>\u001b[39m\n                \u001b[36m<span>\u001b[39m\n                  \u001b[0mSearch by name\u001b[0m\n                \u001b[36m</span>\u001b[39m\n                \u001b[36m<input\u001b[39m\n                  \u001b[33mname\u001b[39m=\u001b[32m\"name\"\u001b[39m\n                  \u001b[33mplaceholder\u001b[39m=\u001b[32m\"Back squat, pull-up, row\"\u001b[39m\n                  \u001b[33mtype\u001b[39m=\u001b[32m\"text\"\u001b[39m\n                  \u001b[33mvalue\u001b[39m=\u001b[32m\"\"\u001b[39m\n                \u001b[36m/>\u001b[39m\n              \u001b[36m</label>\u001b[39m\n              \u001b[36m<label\u001b[39m\n                \u001b[33mclass\u001b[39m=\u001b[32m\"exercise-field\"\u001b[39m\n              \u001b[36m>\u001b[39m\n                \u001b[36m<span>\u001b[39m\n                  \u001b[0mCategory\u001b[0m\n                \u001b[36m</span>\u001b[39m\n                \u001b[36m<select\u001b[39m\n                  \u001b[33mname\u001b[39m=\u001b[32m\"category\"\u001b[39m\n                \u001b[36m>\u001b[39m\n                  \u001b[36m<option\u001b[39m\n                    \u001b[33mvalue\u001b[39m=\u001b[32m\"\"\u001b[39m\n                  \u001b[36m>\u001b[39m\n                    \u001b[0mAll\u001b[0m\n                  \u001b[36m</option>\u001b[39m\n                \u001b[36m</select>\u001b[39m\n              \u001b[36m</label>\u001b[39m\n              \u001b[36m<label\u001b[39m\n                \u001b[33mclass\u001b[39m=\u001b[32m\"exercise-field\"\u001b[39m\n              \u001b[36m>\u001b[39m\n                \u001b[36m<span>\u001b[39m\n                  \u001b[0mEquipment\u001b[0m\n                \u001b[36m</span>\u001b[39m\n                \u001b[36m<select\u001b[39m\n                  \u001b[33mname\u001b[39m=\u001b[32m\"equipment\"\u001b[39m\n                \u001b[36m>\u001b[39m\n                  \u001b[36m<option\u001b[39m\n                    \u001b[33mvalue\u001b[39m=\u001b[32m\"\"\u001b[39m\n                  \u001b[36m>\u001b[39m\n                    \u001b[0mAll\u001b[0m\n                  \u001b[36m</option>\u001b[39m\n                  \u001b[36m<option\u001b[39m\n                    \u001b[33mvalue\u001b[39m=\u001b[32m\"1\"\u001b[39m\n                  \u001b[36m>\u001b[39m\n                    \u001b[0mBack Squat\u001b[0m\n                  \u001b[36m</option>\u001b[39m\n                \u001b[36m</select>\u001b[39m\n              \u001b[36m</label>\u001b[39m\n              \u001b[36m<label\u001b[39m\n                \u001b[33mclass\u001b[39m=\u001b[32m\"exercise-field\"\u001b[39m\n              \u001b[36m>\u001b[39m\n                \u001b[36m<span>\u001b[39m\n                  \u001b[0mMuscle\u001b[0m\n                \u001b[36m</span>\u001b[39m\n                \u001b[36m<select\u001b[39m\n                  \u001b[33mname\u001b[39m=\u001b[32m\"muscle\"\u001b[39m\n                \u001b[36m>\u001b[39m\n                  \u001b[36m<option\u001b[39m\n                    \u001b[33mvalue\u001b[39m=\u001b[32m\"\"\u001b[39m\n                  \u001b[36m>\u001b[39m\n                    \u001b[0mAll\u001b[0m\n                  \u001b[36m</option>\u001b[39m\n                \u001b[36m</select>\u001b[39m\n              \u001b[36m</label>\u001b[39m\n              \u001b[36m<label\u001b[39m\n                \u001b[33mclass\u001b[39m=\u001b[32m\"exercise-field exercise-field-wide\"\u001b[39m\n              \u001b[36m>\u001b[39m\n                \u001b[36m<span>\u001b[39m\n                  \u001b[0mSort by\u001b[0m\n                \u001b[36m</span>\u001b[39m\n                \u001b[36m<select\u001b[39m\n                  \u001b[33mname\u001b[39m=\u001b[32m\"ordering\"\u001b[39m\n                \u001b[36m>\u001b[39m\n                  \u001b[36m<option\u001b[39m\n                    \u001b[33mvalue\u001b[39m=\u001b[32m\"name\"\u001b[39m\n                  \u001b[36m>\u001b[39m\n                    \u001b[0mName (A-Z)\u001b[0m\n                  \u001b[36m</option>\u001b[39m\n                  \u001b[36m<option\u001b[39m\n                    \u001b[33mvalue\u001b[39m=\u001b[32m\"-name\"\u001b[39m\n                  \u001b[36m>\u001b[39m\n                    \u001b[0mName (Z-A)\u001b[0m\n                  \u001b[36m</option>\u001b[39m\n                  \u001b[36m<option\u001b[39m\n                    \u001b[33mvalue\u001b[39m=\u001b[32m\"created_at\"\u001b[39m\n                  \u001b[36m>\u001b[39m\n                    \u001b[0mCreated (oldest)\u001b[0m\n                  \u001b[36m</option>\u001b[39m\n                  \u001b[36m<option\u001b[39m\n                    \u001b[33mvalue\u001b[39m=\u001b[32m\"-created_at\"\u001b[39m\n                  \u001b[36m>\u001b[39m\n                    \u001b[0mCreated (newest)\u001b[0m\n                  \u001b[36m</option>\u001b[39m\n                  \u001b[36m<option\u001b[39m\n                    \u001b[33mvalue\u001b[39m=\u001b[32m\"updated_at\"\u001b[39m\n                  \u001b[36m>\u001b[39m\n                    \u001b[0mUpdated (oldest)\u001b[0m\n                  \u001b[36m</option>\u001b[39m\n                  \u001b[36m<option\u001b[39m\n                    \u001b[33mvalue\u001b[39m=\u001b[32m\"-updated_at\"\u001b[39m\n                  \u001b[36m>\u001b[39m\n                    \u001b[0mUpdated (newest)\u001b[0m\n                  \u001b[36m</option>\u001b[39m\n                \u001b[36m</select>\u001b[39m\n              \u001b[36m</label>\u001b[39m\n            \u001b[36m</div>\u001b[39m\n            \u001b[36m<div\u001b[39m\n              \u001b[33mclass\u001b[39m=\u001b[32m\"exercise-search-actions\"\u001b[39m\n            \u001b[36m>\u001b[39m\n              \u001b[36m<button\u001b[39m\n                \u001b[33mclass\u001b[39m=\u001b[32m\"exercise-secondary-btn\"\u001b[39m\n                \u001b[33mtype\u001b[39m=\u001b[32m\"button\"\u001b[39m\n              \u001b[36m>\u001b[39m\n                \u001b[0mClear Filters\u001b[0m\n              \u001b[36m</button>\u001b[39m\n            \u001b[36m</div>\u001b[39m\n            \u001b[36m<div\u001b[39m\n              \u001b[33maria-busy\u001b[39m=\u001b[32m\"false\"\u001b[39m\n              \u001b[33maria-label\u001b[39m=\u001b[32m\"Exercises\"\u001b[39m\n              \u001b[33mclass\u001b[39m=\u001b[32m\"exercise-list\"\u001b[39m\n              \u001b[33mrole\u001b[39m=\u001b[32m\"listbox\"\u001b[39m\n            \u001b[36m>\u001b[39m\n              \u001b[36m<article\u001b[39m\n                \u001b[33maria-selected\u001b[39m=\u001b[32m\"true\"\u001b[39m\n                \u001b[33mclass\u001b[39m=\u001b[32m\"exercise-item exercise-item-selected\"\u001b[39m\n                \u001b[33mid\u001b[39m=\u001b[32m\"exercise-option-1\"\u001b[39m\n                \u001b[33mrole\u001b[39m=\u001b[32m\"option\"\u001b[39m\n                \u001b[33mtabindex\u001b[39m=\u001b[32m\"0\"\u001b[39m\n              \u001b[36m>\u001b[39m\n                \u001b[36m<div\u001b[39m\n                  \u001b[33mclass\u001b[39m=\u001b[32m\"exercise-header\"\u001b[39m\n                \u001b[36m>\u001b[39m\n                  \u001b[36m<h3>\u001b[39m\n                    \u001b[0mBack Squat\u001b[0m\n                  \u001b[36m</h3>\u001b[39m\n                  \u001b[36m<span>\u001b[39m\n                    \u001b[0mstrength\u001b[0m\n                  \u001b[36m</span>\u001b[39m\n                \u001b[36m</div>\u001b[39m\n                \u001b[36m<p\u001b[39m\n                  \u001b[33mclass\u001b[39m=\u001b[32m\"exercise-meta\"\u001b[39m\n                \u001b[36m>\u001b[39m\n                  \u001b[0mbarbell\u001b[0m\n                  \u001b[0m · \u001b[0m\n                  \u001b[0mlegs\u001b[0m\n                \u001b[36m</p>\u001b[39m\n                \u001b[36m<p\u001b[39m\n                  \u001b[33mclass\u001b[39m=\u001b[32m\"exercise-meta\"\u001b[39m\n                \u001b[36m>\u001b[39m\n                  \u001b[0mCreated by \u001b[0m\n                  \u001b[0mcoach1\u001b[0m\n                  \u001b[0m · \u001b[0m\n                  \u001b[0mPublic\u001b[0m\n                \u001b[36m</p>\u001b[39m\n                \u001b[36m<p\u001b[39m\n                  \u001b[33mclass\u001b[39m=\u001b[32m\"exercise-meta\"\u001b[39m\n                \u001b[36m>\u001b[39m\n                  \u001b[0mCreated \u001b[0m\n                  \u001b[0m12/31/2023, 4:00:00 PM\u001b[0m\n                  \u001b[0m · Updated \u001b[0m\n                  \u001b[0m12/31/2023, 4:00:00 PM\u001b[0m\n                \u001b[36m</p>\u001b[39m\n              \u001b[36m</article>\u001b[39m\n            \u001b[36m</div>\u001b[39m\n          \u001b[36m</section>\u001b[39m\n        \u001b[36m</aside>\u001b[39m\n      \u001b[36m</div>\u001b[39m\n      \u001b[36m<section\u001b[39m\n        \u001b[33maria-label\u001b[39m=\u001b[32m\"Workout Builder\"\u001b[39m\n        \u001b[33mclass\u001b[39m=\u001b[32m\"exercise-workout-panel\"\u001b[39m\n      \u001b[36m>\u001b[39m\n        \u001b[36m<header\u001b[39m\n          \u001b[33mclass\u001b[39m=\u001b[32m\"exercise-panel-header\"\u001b[39m\n        \u001b[36m>\u001b[39m\n          \u001b[36m<div\u001b[39m\n            \u001b[33mclass\u001b[39m=\u001b[32m\"exercise-panel-header-top\"\u001b[39m\n          \u001b[36m>\u001b[39m\n            \u001b[36m<div>\u001b[39m\n              \u001b[36m<h2>\u001b[39m\n                \u001b[0mWorkouts\u001b[0m\n              \u001b[36m</h2>\u001b[39m\n              \u001b[36m<p>\u001b[39m\n                \u001b[0mCreate executable workouts from exercises and push them to Calendar.\u001b[0m\n              \u001b[36m</p>\u001b[39m\n            \u001b[36m</div>\u001b[39m\n            \u001b[36m<button\u001b[39m\n              \u001b[33mclass\u001b[39m=\u001b[32m\"exercise-primary-btn\"\u001b[39m\n              \u001b[33mtype\u001b[39m=\u001b[32m\"button\"\u001b[39m\n            \u001b[36m>\u001b[39m\n              \u001b[0mNew Workout\u001b[0m\n            \u001b[36m</button>\u001b[39m\n          \u001b[36m</div>\u001b[39m\n        \u001b[36m</header>\u001b[39m\n        \u001b[36m<p\u001b[39m\n          \u001b[33mclass\u001b[39m=\u001b[32m\"exercise-empty\"\u001b[39m\n        \u001b[36m>\u001b[39m\n          \u001b[0mNo workouts created yet.\u001b[0m\n        \u001b[36m</p>\u001b[39m\n      \u001b[36m</section>\u001b[39m\n    \u001b[36m</main>\u001b[39m\n  \u001b[36m</div>\u001b[39m\n\u001b[36m</body>\u001b[39m\n    at waitForWrapper (C:\\Users\\augus\\Documents\\Programming\\StayFrostyStudios\\WODTrackrProject\\WODTrackr_FrontEnd\\node_modules\\@testing-library\\dom\\dist\\wait-for.js:163:27)\n    at C:\\Users\\augus\\Documents\\Programming\\StayFrostyStudios\\WODTrackrProject\\WODTrackr_FrontEnd\\node_modules\\@testing-library\\dom\\dist\\query-helpers.js:86:33\n    at C:/Users/augus/Documents/Programming/StayFrostyStudios/WODTrackrProject/WODTrackr_FrontEnd/src/tests/Exercises.test.jsx:421:41\n    at file:///C:/Users/augus/Documents/Programming/StayFrostyStudios/WODTrackrProject/WODTrackr_FrontEnd/node_modules/@vitest/runner/dist/chunk-artifact.js:1903:20"],"meta":{},"tags":[]},{"ancestorTitles":["Exercises Component","Exercise Details Panel"],"fullName":"Exercises Component Exercise Details Panel should not show delete button for exercises owned by another user","status":"passed","title":"should not show delete button for exercises owned by another user","duration":43.00960000000032,"failureMessages":[],"meta":{},"tags":[]},{"ancestorTitles":["Exercises Component","Add Exercise Modal"],"fullName":"Exercises Component Add Exercise Modal should open add exercise modal on Add Exercise button click","status":"passed","title":"should open add exercise modal on Add Exercise button click","duration":63.79280000000017,"failureMessages":[],"meta":{},"tags":[]},{"ancestorTitles":["Exercises Component","Add Exercise Modal"],"fullName":"Exercises Component Add Exercise Modal should submit new exercise form","status":"passed","title":"should submit new exercise form","duration":542.6799000000001,"failureMessages":[],"meta":{},"tags":[]},{"ancestorTitles":["Exercises Component","Add Exercise Modal"],"fullName":"Exercises Component Add Exercise Modal should show client-side validation error when name is empty on submit","status":"passed","title":"should show client-side validation error when name is empty on submit","duration":155.11499999999978,"failureMessages":[],"meta":{},"tags":[]},{"ancestorTitles":["Exercises Component","Add Exercise Modal"],"fullName":"Exercises Component Add Exercise Modal should show client-side validation error for whitespace-only name","status":"passed","title":"should show client-side validation error for whitespace-only name","duration":261.628999999999,"failureMessages":[],"meta":{},"tags":[]},{"ancestorTitles":["Exercises Component","Add Exercise Modal"],"fullName":"Exercises Component Add Exercise Modal should show client-side validation errors for missing required selects","status":"passed","title":"should show client-side validation errors for missing required selects","duration":341.53199999999924,"failureMessages":[],"meta":{},"tags":[]},{"ancestorTitles":["Exercises Component","Add Exercise Modal"],"fullName":"Exercises Component Add Exercise Modal should clear field error when user corrects the field","status":"passed","title":"should clear field error when user corrects the field","duration":314.4399000000012,"failureMessages":[],"meta":{},"tags":[]},{"ancestorTitles":["Exercises Component","Add Exercise Modal"],"fullName":"Exercises Component Add Exercise Modal should reset form values when Add modal is closed","status":"failed","title":"should reset form values when Add modal is closed","duration":1398.0228000000006,"failureMessages":["Error: \u001b[2mexpect(\u001b[22m\u001b[31melement\u001b[39m\u001b[2m).not.toBeInTheDocument()\u001b[22m\n\n\u001b[31mexpected document not to contain element, found <aside\n  aria-labelledby=\"exercise-library-modal-title\"\n  aria-modal=\"true\"\n  class=\"exercise-modal exercise-library-modal\"\n  role=\"dialog\"\n>\n  <header\n    class=\"exercise-modal-header\"\n  >\n    <div>\n      <h2\n        id=\"exercise-library-modal-title\"\n      >\n        Exercise Library\n      </h2>\n      <p>\n        Search and review your exercise list.\n      </p>\n    </div>\n    <button\n      class=\"exercise-secondary-btn\"\n      type=\"button\"\n    >\n      Close\n    </button>\n  </header>\n  <section\n    class=\"exercise-library-panel\"\n  >\n    <header\n      class=\"exercise-panel-header\"\n    >\n      <div\n        class=\"exercise-panel-header-top\"\n      >\n        <div>\n          <h1>\n            Exercise Library\n          </h1>\n          <p>\n            Search and review your exercise list.\n          </p>\n        </div>\n        <div\n          class=\"exercise-header-actions\"\n        >\n          <button\n            class=\"exercise-primary-btn\"\n            type=\"button\"\n          >\n            Add Exercise\n          </button>\n        </div>\n      </div>\n      <div\n        aria-atomic=\"true\"\n        aria-live=\"polite\"\n        class=\"exercise-counts\"\n      >\n        <span>\n          0\n           total\n        </span>\n        <span>\n          0\n           shown\n        </span>\n      </div>\n    </header>\n    <div\n      class=\"exercise-search-grid\"\n    >\n      <label\n        class=\"exercise-field exercise-field-wide\"\n      >\n        <span>\n          Search by name\n        </span>\n        <input\n          name=\"name\"\n          placeholder=\"Back squat, pull-up, row\"\n          type=\"text\"\n          value=\"\"\n        />\n      </label>\n      <label\n        class=\"exercise-field\"\n      >\n        <span>\n          Category\n        </span>\n        <select\n          name=\"category\"\n        >\n          <option\n            value=\"\"\n          >\n            All\n          </option>\n        </select>\n      </label>\n      <label\n        class=\"exercise-field\"\n      >\n        <span>\n          Equipment\n        </span>\n        <select\n          name=\"equipment\"\n        >\n          <option\n            value=\"\"\n          >\n            All\n          </option>\n        </select>\n      </label>\n      <label\n        class=\"exercise-field\"\n      >\n        <span>\n          Muscle\n        </span>\n        <select\n          name=\"muscle\"\n        >\n          <option\n            value=\"\"\n          >\n            All\n          </option>\n        </select>\n      </label>\n      <label\n        class=\"exercise-field exercise-field-wide\"\n      >\n        <span>\n          Sort by\n        </span>\n        <select\n          name=\"ordering\"\n        >\n          <option\n            value=\"name\"\n          >\n            Name (A-Z)\n          </option>\n          <option\n            value=\"-name\"\n          >\n            Name (Z-A)\n          </option>\n          <option\n            value=\"created_at\"\n          >\n            Created (oldest)\n          </option>\n          <option\n            value=\"-created_at\"\n          >\n            Created (newest)\n          </option>\n          <option\n            value=\"updated_at\"\n          >\n            Updated (oldest)\n          </option>\n          <option\n            value=\"-updated_at\"\n          >\n            Updated (newest)\n          </option>\n        </select>\n      </label>\n    </div>\n    <div\n      class=\"exercise-search-actions\"\n    >\n      <button\n        class=\"exercise-secondary-btn\"\n        type=\"button\"\n      >\n        Clear Filters\n      </button>\n    </div>\n    <div\n      aria-busy=\"false\"\n      class=\"exercise-list\"\n    >\n      <p\n        class=\"exercise-empty\"\n        role=\"status\"\n      >\n        No exercises found.\n      </p>\n    </div>\n  </section>\n</aside> instead\u001b[39m\n\nIgnored nodes: comments, script, style\n\u001b[36m<html>\u001b[39m\n  \u001b[36m<head />\u001b[39m\n  \u001b[36m<body>\u001b[39m\n    \u001b[36m<div>\u001b[39m\n      \u001b[36m<main\u001b[39m\n        \u001b[33maria-label\u001b[39m=\u001b[32m\"Exercise Library\"\u001b[39m\n        \u001b[33mclass\u001b[39m=\u001b[32m\"exercise-page\"\u001b[39m\n      \u001b[36m>\u001b[39m\n        \u001b[36m<section\u001b[39m\n          \u001b[33mclass\u001b[39m=\u001b[32m\"exercise-top-actions\"\u001b[39m\n        \u001b[36m>\u001b[39m\n          \u001b[36m<button\u001b[39m\n            \u001b[33mclass\u001b[39m=\u001b[32m\"exercise-secondary-btn\"\u001b[39m\n            \u001b[33mtype\u001b[39m=\u001b[32m\"button\"\u001b[39m\n          \u001b[36m>\u001b[39m\n            \u001b[0mCreate Workout\u001b[0m\n          \u001b[36m</button>\u001b[39m\n        \u001b[36m</section>\u001b[39m\n        \u001b[36m<div\u001b[39m\n          \u001b[33mclass\u001b[39m=\u001b[32m\"exercise-modal-backdrop\"\u001b[39m\n          \u001b[33mrole\u001b[39m=\u001b[32m\"presentation\"\u001b[39m\n        \u001b[36m>\u001b[39m\n          \u001b[36m<aside\u001b[39m\n            \u001b[33maria-labelledby\u001b[39m=\u001b[32m\"exercise-library-modal-title\"\u001b[39m\n            \u001b[33maria-modal\u001b[39m=\u001b[32m\"true\"\u001b[39m\n            \u001b[33mclass\u001b[39m=\u001b[32m\"exercise-modal exercise-library-modal\"\u001b[39m\n            \u001b[33mrole\u001b[39m=\u001b[32m\"dialog\"\u001b[39m\n          \u001b[36m>\u001b[39m\n            \u001b[36m<header\u001b[39m\n              \u001b[33mclass\u001b[39m=\u001b[32m\"exercise-modal-header\"\u001b[39m\n            \u001b[36m>\u001b[39m\n              \u001b[36m<div>\u001b[39m\n                \u001b[36m<h2\u001b[39m\n                  \u001b[33mid\u001b[39m=\u001b[32m\"exercise-library-modal-title\"\u001b[39m\n                \u001b[36m>\u001b[39m\n                  \u001b[0mExercise Library\u001b[0m\n                \u001b[36m</h2>\u001b[39m\n                \u001b[36m<p>\u001b[39m\n                  \u001b[0mSearch and review your exercise list.\u001b[0m\n                \u001b[36m</p>\u001b[39m\n              \u001b[36m</div>\u001b[39m\n              \u001b[36m<button\u001b[39m\n                \u001b[33mclass\u001b[39m=\u001b[32m\"exercise-secondary-btn\"\u001b[39m\n                \u001b[33mtype\u001b[39m=\u001b[32m\"button\"\u001b[39m\n              \u001b[36m>\u001b[39m\n                \u001b[0mClose\u001b[0m\n              \u001b[36m</button>\u001b[39m\n            \u001b[36m</header>\u001b[39m\n            \u001b[36m<section\u001b[39m\n              \u001b[33mclass\u001b[39m=\u001b[32m\"exercise-library-panel\"\u001b[39m\n            \u001b[36m>\u001b[39m\n              \u001b[36m<header\u001b[39m\n                \u001b[33mclass\u001b[39m=\u001b[32m\"exercise-panel-header\"\u001b[39m\n              \u001b[36m>\u001b[39m\n                \u001b[36m<div\u001b[39m\n                  \u001b[33mclass\u001b[39m=\u001b[32m\"exercise-panel-header-top\"\u001b[39m\n                \u001b[36m>\u001b[39m\n                  \u001b[36m<div>\u001b[39m\n                    \u001b[36m<h1>\u001b[39m\n                      \u001b[0mExercise Library\u001b[0m\n                    \u001b[36m</h1>\u001b[39m\n                    \u001b[36m<p>\u001b[39m\n                      \u001b[0mSearch and review your exercise list.\u001b[0m\n                    \u001b[36m</p>\u001b[39m\n                  \u001b[36m</div>\u001b[39m\n                  \u001b[36m<div\u001b[39m\n                    \u001b[33mclass\u001b[39m=\u001b[32m\"exercise-header-actions\"\u001b[39m\n                  \u001b[36m>\u001b[39m\n                    \u001b[36m<button\u001b[39m\n                      \u001b[33mclass\u001b[39m=\u001b[32m\"exercise-primary-btn\"\u001b[39m\n                      \u001b[33mtype\u001b[39m=\u001b[32m\"button\"\u001b[39m\n                    \u001b[36m>\u001b[39m\n                      \u001b[0mAdd Exercise\u001b[0m\n                    \u001b[36m</button>\u001b[39m\n                  \u001b[36m</div>\u001b[39m\n                \u001b[36m</div>\u001b[39m\n                \u001b[36m<div\u001b[39m\n                  \u001b[33maria-atomic\u001b[39m=\u001b[32m\"true\"\u001b[39m\n                  \u001b[33maria-live\u001b[39m=\u001b[32m\"polite\"\u001b[39m\n                  \u001b[33mclass\u001b[39m=\u001b[32m\"exercise-counts\"\u001b[39m\n                \u001b[36m>\u001b[39m\n                  \u001b[36m<span>\u001b[39m\n                    \u001b[0m0\u001b[0m\n                    \u001b[0m total\u001b[0m\n                  \u001b[36m</span>\u001b[39m\n                  \u001b[36m<span>\u001b[39m\n                    \u001b[0m0\u001b[0m\n                    \u001b[0m shown\u001b[0m\n                  \u001b[36m</span>\u001b[39m\n                \u001b[36m</div>\u001b[39m\n              \u001b[36m</header>\u001b[39m\n              \u001b[36m<div\u001b[39m\n                \u001b[33mclass\u001b[39m=\u001b[32m\"exercise-search-grid\"\u001b[39m\n              \u001b[36m>\u001b[39m\n                \u001b[36m<label\u001b[39m\n                  \u001b[33mclass\u001b[39m=\u001b[32m\"exercise-field exercise-field-wide\"\u001b[39m\n                \u001b[36m>\u001b[39m\n                  \u001b[36m<span>\u001b[39m\n                    \u001b[0mSearch by name\u001b[0m\n                  \u001b[36m</span>\u001b[39m\n                  \u001b[36m<input\u001b[39m\n                    \u001b[33mname\u001b[39m=\u001b[32m\"name\"\u001b[39m\n                    \u001b[33mplaceholder\u001b[39m=\u001b[32m\"Back squat, pull-up, row\"\u001b[39m\n                    \u001b[33mtype\u001b[39m=\u001b[32m\"text\"\u001b[39m\n                    \u001b[33mvalue\u001b[39m=\u001b[32m\"\"\u001b[39m\n                  \u001b[36m/>\u001b[39m\n                \u001b[36m</label>\u001b[39m\n                \u001b[36m<label\u001b[39m\n                  \u001b[33mclass\u001b[39m=\u001b[32m\"exercise-field\"\u001b[39m\n                \u001b[36m>\u001b[39m\n                  \u001b[36m<span>\u001b[39m\n                    \u001b[0mCategory\u001b[0m\n                  \u001b[36m</span>\u001b[39m\n                  \u001b[36m<select\u001b[39m\n                    \u001b[33mname\u001b[39m=\u001b[32m\"category\"\u001b[39m\n                  \u001b[36m>\u001b[39m\n                    \u001b[36m<option\u001b[39m\n                      \u001b[33mvalue\u001b[39m=\u001b[32m\"\"\u001b[39m\n                    \u001b[36m>\u001b[39m\n                      \u001b[0mAll\u001b[0m\n                    \u001b[36m</option>\u001b[39m\n                  \u001b[36m</select>\u001b[39m\n                \u001b[36m</label>\u001b[39m\n                \u001b[36m<label\u001b[39m\n                  \u001b[33mclass\u001b[39m=\u001b[32m\"exercise-field\"\u001b[39m\n                \u001b[36m>\u001b[39m\n                  \u001b[36m<span>\u001b[39m\n                    \u001b[0mEquipment\u001b[0m\n                  \u001b[36m</span>\u001b[39m\n                  \u001b[36m<select\u001b[39m\n                    \u001b[33mname\u001b[39m=\u001b[32m\"equipment\"\u001b[39m\n                  \u001b[36m>\u001b[39m\n                    \u001b[36m<option\u001b[39m\n                      \u001b[33mvalue\u001b[39m=\u001b[32m\"\"\u001b[39m\n                    \u001b[36m>\u001b[39m\n                      \u001b[0mAll\u001b[0m\n                    \u001b[36m</option>\u001b[39m\n                  \u001b[36m</select>\u001b[39m\n                \u001b[36m</label>\u001b[39m\n                \u001b[36m<label\u001b[39m\n                  \u001b[33mclass\u001b[39m=\u001b[32m\"exercise-field\"\u001b[39m\n                \u001b[36m>\u001b[39m\n                  \u001b[36m<span>\u001b[39m\n                    \u001b[0mMuscle\u001b[0m\n                  \u001b[36m</span>\u001b[39m\n                  \u001b[36m<select\u001b[39m\n                    \u001b[33mname\u001b[39m=\u001b[32m\"muscle\"\u001b[39m\n                  \u001b[36m>\u001b[39m\n                    \u001b[36m<option\u001b[39m\n                      \u001b[33mvalue\u001b[39m=\u001b[32m\"\"\u001b[39m\n                    \u001b[36m>\u001b[39m\n                      \u001b[0mAll\u001b[0m\n                    \u001b[36m</option>\u001b[39m\n                  \u001b[36m</select>\u001b[39m\n                \u001b[36m</label>\u001b[39m\n                \u001b[36m<label\u001b[39m\n                  \u001b[33mclass\u001b[39m=\u001b[32m\"exercise-field exercise-field-wide\"\u001b[39m\n                \u001b[36m>\u001b[39m\n                  \u001b[36m<span>\u001b[39m\n                    \u001b[0mSort by\u001b[0m\n                  \u001b[36m</span>\u001b[39m\n                  \u001b[36m<select\u001b[39m\n                    \u001b[33mname\u001b[39m=\u001b[32m\"ordering\"\u001b[39m\n                  \u001b[36m>\u001b[39m\n                    \u001b[36m<option\u001b[39m\n                      \u001b[33mvalue\u001b[39m=\u001b[32m\"name\"\u001b[39m\n                    \u001b[36m>\u001b[39m\n                      \u001b[0mName (A-Z)\u001b[0m\n                    \u001b[36m</option>\u001b[39m\n                    \u001b[36m<option\u001b[39m\n                      \u001b[33mvalue\u001b[39m=\u001b[32m\"-name\"\u001b[39m\n                    \u001b[36m>\u001b[39m\n                      \u001b[0mName (Z-A)\u001b[0m\n                    \u001b[36m</option>\u001b[39m\n                    \u001b[36m<option\u001b[39m\n                      \u001b[33mvalue\u001b[39m=\u001b[32m\"created_at\"\u001b[39m\n                    \u001b[36m>\u001b[39m\n                      \u001b[0mCreated (oldest)\u001b[0m\n                    \u001b[36m</option>\u001b[39m\n                    \u001b[36m<option\u001b[39m\n                      \u001b[33mvalue\u001b[39m=\u001b[32m\"-created_at\"\u001b[39m\n                    \u001b[36m>\u001b[39m\n                      \u001b[0mCreated (newest)\u001b[0m\n                    \u001b[36m</option>\u001b[39m\n                    \u001b[36m<option\u001b[39m\n                      \u001b[33mvalue\u001b[39m=\u001b[32m\"updated_at\"\u001b[39m\n                    \u001b[36m>\u001b[39m\n                      \u001b[0mUpdated (oldest)\u001b[0m\n                    \u001b[36m</option>\u001b[39m\n                    \u001b[36m<option\u001b[39m\n                      \u001b[33mvalue\u001b[39m=\u001b[32m\"-updated_at\"\u001b[39m\n                    \u001b[36m>\u001b[39m\n                      \u001b[0mUpdated (newest)\u001b[0m\n                    \u001b[36m</option>\u001b[39m\n                  \u001b[36m</select>\u001b[39m\n                \u001b[36m</label>\u001b[39m\n              \u001b[36m</div>\u001b[39m\n              \u001b[36m<div\u001b[39m\n                \u001b[33mclass\u001b[39m=\u001b[32m\"exercise-search-actions\"\u001b[39m\n              \u001b[36m>\u001b[39m\n                \u001b[36m<button\u001b[39m\n                  \u001b[33mclass\u001b[39m=\u001b[32m\"exercise-secondary-btn\"\u001b[39m\n                  \u001b[33mtype\u001b[39m=\u001b[32m\"button\"\u001b[39m\n                \u001b[36m>\u001b[39m\n                  \u001b[0mClear Filters\u001b[0m\n                \u001b[36m</button>\u001b[39m\n              \u001b[36m</div>\u001b[39m\n              \u001b[36m<div\u001b[39m\n                \u001b[33maria-busy\u001b[39m=\u001b[32m\"false\"\u001b[39m\n                \u001b[33mclass\u001b[39m=\u001b[32m\"exercise-list\"\u001b[39m\n              \u001b[36m>\u001b[39m\n                \u001b[36m<p\u001b[39m\n                  \u001b[33mclass\u001b[39m=\u001b[32m\"exercise-empty\"\u001b[39m\n                  \u001b[33mrole\u001b[39m=\u001b[32m\"status\"\u001b[39m\n                \u001b[36m>\u001b[39m\n                  \u001b[0mNo exercises found.\u001b[0m\n                \u001b[36m</p>\u001b[39m\n              \u001b[36m</div>\u001b[39m\n            \u001b[36m</section>\u001b[39m\n          \u001b[36m</aside>\u001b[39m\n        \u001b[36m</div>\u001b[39m\n        \u001b[36m<section\u001b[39m\n          \u001b[33maria-label\u001b[39m=\u001b[32m\"Workout Builder\"\u001b[39m\n          \u001b[33mclass\u001b[39m=\u001b[32m\"exercise-workout-panel\"\u001b[39m\n        \u001b[36m>\u001b[39m\n          \u001b[36m<header\u001b[39m\n            \u001b[33mclass\u001b[39m=\u001b[32m\"exercise-panel-header\"\u001b[39m\n          \u001b[36m>\u001b[39m\n            \u001b[36m<div\u001b[39m\n              \u001b[33mclass\u001b[39m=\u001b[32m\"exercise-panel-header-top\"\u001b[39m\n            \u001b[36m>\u001b[39m\n              \u001b[36m<div>\u001b[39m\n                \u001b[36m<h2>\u001b[39m\n                  \u001b[0mWorkouts\u001b[0m\n                \u001b[36m</h2>\u001b[39m\n                \u001b[36m<p>\u001b[39m\n                  \u001b[0mCreate executable workouts from exercises and push them to Calendar.\u001b[0m\n                \u001b[36m</p>\u001b[39m\n              \u001b[36m</div>\u001b[39m\n              \u001b[36m<button\u001b[39m\n                \u001b[33mclass\u001b[39m=\u001b[32m\"exercise-primary-btn\"\u001b[39m\n                \u001b[33mtype\u001b[39m=\u001b[32m\"button\"\u001b[39m\n              \u001b[36m>\u001b[39m\n                \u001b[0mNew Workout\u001b[0m\n              \u001b[36m</button>\u001b[39m\n            \u001b[36m</div>\u001b[39m\n          \u001b[36m</header>\u001b[39m\n          \u001b[36m<p\u001b[39m\n            \u001b[33mclass\u001b[39m=\u001b[32m\"exercise-empty\"\u001b[39m\n          \u001b[36m>\u001b[39m\n            \u001b[0mNo workouts created yet.\u001b[0m\n          \u001b[36m</p>\u001b[39m\n        \u001b[36m</section>\u001b[39m\n      \u001b[36m</main>\u001b[39m\n    \u001b[36m</div>\u001b[39m\n  \u001b[36m</body>\u001b[39m\n\u001b[36m</html>\u001b[39m\n    at Proxy.__VITEST_EXTEND_ASSERTION__ (file:///C:/Users/augus/Documents/Programming/StayFrostyStudios/WODTrackrProject/WODTrackr_FrontEnd/node_modules/@vitest/expect/dist/index.js:1888:12)\n    at Proxy.<anonymous> (file:///C:/Users/augus/Documents/Programming/StayFrostyStudios/WODTrackrProject/WODTrackr_FrontEnd/node_modules/@vitest/expect/dist/index.js:1156:15)\n    at Proxy.methodWrapper (file:///C:/Users/augus/Documents/Programming/StayFrostyStudios/WODTrackrProject/WODTrackr_FrontEnd/node_modules/chai/index.js:1700:25)\n    at C:/Users/augus/Documents/Programming/StayFrostyStudios/WODTrackrProject/WODTrackr_FrontEnd/src/tests/Exercises.test.jsx:714:50\n    at runWithExpensiveErrorDiagnosticsDisabled (C:\\Users\\augus\\Documents\\Programming\\StayFrostyStudios\\WODTrackrProject\\WODTrackr_FrontEnd\\node_modules\\@testing-library\\dom\\dist\\config.js:47:12)\n    at checkCallback (C:\\Users\\augus\\Documents\\Programming\\StayFrostyStudios\\WODTrackrProject\\WODTrackr_FrontEnd\\node_modules\\@testing-library\\dom\\dist\\wait-for.js:124:77)\n    at Timeout.checkRealTimersCallback (C:\\Users\\augus\\Documents\\Programming\\StayFrostyStudios\\WODTrackrProject\\WODTrackr_FrontEnd\\node_modules\\@testing-library\\dom\\dist\\wait-for.js:118:16)\n    at listOnTimeout (node:internal/timers:585:17)\n    at processTimers (node:internal/timers:521:7)"],"meta":{},"tags":[]},{"ancestorTitles":["Exercises Component","Add Exercise Modal"],"fullName":"Exercises Component Add Exercise Modal should pre-populate created_by with logged-in username","status":"passed","title":"should pre-populate created_by with logged-in username","duration":60.74369999999908,"failureMessages":[],"meta":{},"tags":[]},{"ancestorTitles":["Exercises Component","API Integration"],"fullName":"Exercises Component API Integration should handle API errors gracefully","status":"passed","title":"should handle API errors gracefully","duration":15.081200000000536,"failureMessages":[],"meta":{},"tags":[]},{"ancestorTitles":["Exercises Component","API Integration"],"fullName":"Exercises Component API Integration should handle authentication errors","status":"passed","title":"should handle authentication errors","duration":15.758700000000317,"failureMessages":[],"meta":{},"tags":[]},{"ancestorTitles":["Exercises Component","API Integration"],"fullName":"Exercises Component API Integration should load choices from OPTIONS endpoint","status":"passed","title":"should load choices from OPTIONS endpoint","duration":12.240599999999176,"failureMessages":[],"meta":{},"tags":[]},{"ancestorTitles":["Exercises Component","API Integration"],"fullName":"Exercises Component API Integration should cache choices from localStorage","status":"passed","title":"should cache choices from localStorage","duration":7.96389999999883,"failureMessages":[],"meta":{},"tags":[]},{"ancestorTitles":["Exercises Component","Accessibility"],"fullName":"Exercises Component Accessibility should have proper ARIA labels","status":"passed","title":"should have proper ARIA labels","duration":15.861799999998766,"failureMessages":[],"meta":{},"tags":[]},{"ancestorTitles":["Exercises Component","Accessibility"],"fullName":"Exercises Component Accessibility should handle keyboard navigation in exercise list","status":"passed","title":"should handle keyboard navigation in exercise list","duration":27.777000000000044,"failureMessages":[],"meta":{},"tags":[]}],"startTime":1785968787142,"endTime":1785968795720.777,"status":"failed","message":"","name":"C:/Users/augus/Documents/Programming/StayFrostyStudios/WODTrackrProject/WODTrackr_FrontEnd/src/tests/Exercises.test.jsx"}]}