{"numTotalTestSuites":29,"numPassedTestSuites":29,"numFailedTestSuites":0,"numPendingTestSuites":0,"numTotalTests":73,"numPassedTests":73,"numFailedTests":0,"numPendingTests":0,"numTodoTests":0,"snapshot":{"added":0,"failure":false,"filesAdded":0,"filesRemoved":0,"filesRemovedList":[],"filesUnmatched":0,"filesUpdated":0,"matched":0,"total":0,"unchecked":0,"uncheckedKeysByFile":[],"unmatched":0,"updated":0,"didUpdate":false},"startTime":1777467065151,"success":true,"testResults":[{"assertionResults":[{"ancestorTitles":["Exercise API Integration Tests","GET /exercises/ - Fetching Exercise List"],"fullName":"Exercise API Integration Tests GET /exercises/ - Fetching Exercise List should make GET request to exercises endpoint","status":"passed","title":"should make GET request to exercises endpoint","duration":343.3369,"failureMessages":[],"meta":{},"tags":[]},{"ancestorTitles":["Exercise API Integration Tests","GET /exercises/ - Fetching Exercise List"],"fullName":"Exercise API Integration Tests GET /exercises/ - Fetching Exercise List should include auth token in GET request","status":"passed","title":"should include auth token in GET request","duration":310.4898000000003,"failureMessages":[],"meta":{},"tags":[]},{"ancestorTitles":["Exercise API Integration Tests","GET /exercises/ - Fetching Exercise List"],"fullName":"Exercise API Integration Tests GET /exercises/ - Fetching Exercise List should include search parameters in GET request","status":"passed","title":"should include search parameters in GET request","duration":507.03899999999976,"failureMessages":[],"meta":{},"tags":[]},{"ancestorTitles":["Exercise API Integration Tests","GET /exercises/ - Fetching Exercise List"],"fullName":"Exercise API Integration Tests GET /exercises/ - Fetching Exercise List should include filter parameters in GET request","status":"passed","title":"should include filter parameters in GET request","duration":494.63909999999987,"failureMessages":[],"meta":{},"tags":[]},{"ancestorTitles":["Exercise API Integration Tests","GET /exercises/ - Fetching Exercise List"],"fullName":"Exercise API Integration Tests GET /exercises/ - Fetching Exercise List should include ordering parameter in GET request","status":"passed","title":"should include ordering parameter in GET request","duration":332.3768,"failureMessages":[],"meta":{},"tags":[]},{"ancestorTitles":["Exercise API Integration Tests","GET /exercises/ - Fetching Exercise List"],"fullName":"Exercise API Integration Tests GET /exercises/ - Fetching Exercise List should handle successful response with exercises data","status":"passed","title":"should handle successful response with exercises data","duration":339.4861000000001,"failureMessages":[],"meta":{},"tags":[]},{"ancestorTitles":["Exercise API Integration Tests","GET /exercises/ - Fetching Exercise List"],"fullName":"Exercise API Integration Tests GET /exercises/ - Fetching Exercise List should handle 401 Unauthorized error","status":"passed","title":"should handle 401 Unauthorized error","duration":313.02890000000025,"failureMessages":[],"meta":{},"tags":[]},{"ancestorTitles":["Exercise API Integration Tests","GET /exercises/ - Fetching Exercise List"],"fullName":"Exercise API Integration Tests GET /exercises/ - Fetching Exercise List should handle 403 Forbidden error","status":"passed","title":"should handle 403 Forbidden error","duration":335.26760000000013,"failureMessages":[],"meta":{},"tags":[]},{"ancestorTitles":["Exercise API Integration Tests","GET /exercises/ - Fetching Exercise List"],"fullName":"Exercise API Integration Tests GET /exercises/ - Fetching Exercise List should handle API error with detail message","status":"passed","title":"should handle API error with detail message","duration":325.8175999999994,"failureMessages":[],"meta":{},"tags":[]},{"ancestorTitles":["Exercise API Integration Tests","GET /exercises/ - Fetching Exercise List"],"fullName":"Exercise API Integration Tests GET /exercises/ - Fetching Exercise List should show default error message when no detail provided","status":"passed","title":"should show default error message when no detail provided","duration":327.5123000000003,"failureMessages":[],"meta":{},"tags":[]},{"ancestorTitles":["Exercise API Integration Tests","OPTIONS /exercises/ - Loading Choices"],"fullName":"Exercise API Integration Tests OPTIONS /exercises/ - Loading Choices should make OPTIONS request to load choices","status":"passed","title":"should make OPTIONS request to load choices","duration":8.422600000000784,"failureMessages":[],"meta":{},"tags":[]},{"ancestorTitles":["Exercise API Integration Tests","OPTIONS /exercises/ - Loading Choices"],"fullName":"Exercise API Integration Tests OPTIONS /exercises/ - Loading Choices should cache choices in localStorage","status":"passed","title":"should cache choices in localStorage","duration":18.293400000000474,"failureMessages":[],"meta":{},"tags":[]},{"ancestorTitles":["Exercise API Integration Tests","OPTIONS /exercises/ - Loading Choices"],"fullName":"Exercise API Integration Tests OPTIONS /exercises/ - Loading Choices should load choices from cache if fresh","status":"passed","title":"should load choices from cache if fresh","duration":12.610200000000077,"failureMessages":[],"meta":{},"tags":[]},{"ancestorTitles":["Exercise API Integration Tests","OPTIONS /exercises/ - Loading Choices"],"fullName":"Exercise API Integration Tests OPTIONS /exercises/ - Loading Choices should refresh choices if cache is stale","status":"passed","title":"should refresh choices if cache is stale","duration":8.429399999999987,"failureMessages":[],"meta":{},"tags":[]},{"ancestorTitles":["Exercise API Integration Tests","OPTIONS /exercises/ - Loading Choices"],"fullName":"Exercise API Integration Tests OPTIONS /exercises/ - Loading Choices should handle choices loading error","status":"passed","title":"should handle choices loading error","duration":9.389299999999821,"failureMessages":[],"meta":{},"tags":[]},{"ancestorTitles":["Exercise API Integration Tests","POST /exercises/ - Adding Exercise"],"fullName":"Exercise API Integration Tests POST /exercises/ - Adding Exercise should make POST request with exercise data","status":"passed","title":"should make POST request with exercise data","duration":6.42949999999928,"failureMessages":[],"meta":{},"tags":[]},{"ancestorTitles":["Exercise API Integration Tests","POST /exercises/ - Adding Exercise"],"fullName":"Exercise API Integration Tests POST /exercises/ - Adding Exercise should include auth token in POST request","status":"passed","title":"should include auth token in POST request","duration":5.578499999999622,"failureMessages":[],"meta":{},"tags":[]},{"ancestorTitles":["Exercise API Integration Tests","POST /exercises/ - Adding Exercise"],"fullName":"Exercise API Integration Tests POST /exercises/ - Adding Exercise should handle POST validation errors","status":"passed","title":"should handle POST validation errors","duration":5.817299999999705,"failureMessages":[],"meta":{},"tags":[]},{"ancestorTitles":["Exercise API Integration Tests","POST /exercises/ - Adding Exercise"],"fullName":"Exercise API Integration Tests POST /exercises/ - Adding Exercise should handle POST authentication errors","status":"passed","title":"should handle POST authentication errors","duration":8.985399999999572,"failureMessages":[],"meta":{},"tags":[]},{"ancestorTitles":["Exercise API Integration Tests","PATCH /exercises/{id}/ - Updating Exercise"],"fullName":"Exercise API Integration Tests PATCH /exercises/{id}/ - Updating Exercise should make PATCH request to update exercise","status":"passed","title":"should make PATCH request to update exercise","duration":5.371600000000399,"failureMessages":[],"meta":{},"tags":[]},{"ancestorTitles":["Exercise API Integration Tests","PATCH /exercises/{id}/ - Updating Exercise"],"fullName":"Exercise API Integration Tests PATCH /exercises/{id}/ - Updating Exercise should only allow editing own exercises","status":"passed","title":"should only allow editing own exercises","duration":323.8024999999998,"failureMessages":[],"meta":{},"tags":[]},{"ancestorTitles":["Exercise API Integration Tests","API Error Handling"],"fullName":"Exercise API Integration Tests API Error Handling should handle network errors","status":"passed","title":"should handle network errors","duration":5.831500000000233,"failureMessages":[],"meta":{},"tags":[]},{"ancestorTitles":["Exercise API Integration Tests","API Error Handling"],"fullName":"Exercise API Integration Tests API Error Handling should handle malformed API responses","status":"passed","title":"should handle malformed API responses","duration":5.569400000000314,"failureMessages":[],"meta":{},"tags":[]},{"ancestorTitles":["Exercise API Integration Tests","API Error Handling"],"fullName":"Exercise API Integration Tests API Error Handling should clear error message when new request is made","status":"passed","title":"should clear error message when new request is made","duration":726.0673999999999,"failureMessages":[],"meta":{},"tags":[]}],"startTime":1777467067045,"endTime":1777467071825.0674,"status":"passed","message":"","name":"C:/Users/augus/Documents/Programming/StayFrostyStudios/WODTrackrProject/WODTrackr_FrontEnd/src/tests/Exercises.api.test.jsx"},{"assertionResults":[{"ancestorTitles":["Exercise Library E2E Tests","User Workflows"],"fullName":"Exercise Library E2E Tests User Workflows should complete full exercise search and view workflow","status":"passed","title":"should complete full exercise search and view workflow","duration":1015.781,"failureMessages":[],"meta":{},"tags":[]},{"ancestorTitles":["Exercise Library E2E Tests","User Workflows"],"fullName":"Exercise Library E2E Tests User Workflows should complete search, filter, and sort workflow","status":"passed","title":"should complete search, filter, and sort workflow","duration":1125.0542999999998,"failureMessages":[],"meta":{},"tags":[]},{"ancestorTitles":["Exercise Library E2E Tests","User Workflows"],"fullName":"Exercise Library E2E Tests User Workflows should complete add exercise workflow","status":"passed","title":"should complete add exercise workflow","duration":70.23239999999987,"failureMessages":[],"meta":{},"tags":[]},{"ancestorTitles":["Exercise Library E2E Tests","User Workflows"],"fullName":"Exercise Library E2E Tests User Workflows should handle pagination with load more","status":"passed","title":"should handle pagination with load more","duration":395.47329999999965,"failureMessages":[],"meta":{},"tags":[]},{"ancestorTitles":["Exercise Library E2E Tests","User Workflows"],"fullName":"Exercise Library E2E Tests User Workflows should show success message after adding exercise","status":"passed","title":"should show success message after adding exercise","duration":43.347099999999955,"failureMessages":[],"meta":{},"tags":[]},{"ancestorTitles":["Exercise Library E2E Tests","User Workflows"],"fullName":"Exercise Library E2E Tests User Workflows should handle API errors during search","status":"passed","title":"should handle API errors during search","duration":326.8009999999995,"failureMessages":[],"meta":{},"tags":[]},{"ancestorTitles":["Exercise Library E2E Tests","User Workflows"],"fullName":"Exercise Library E2E Tests User Workflows should require login message when getting 401 error","status":"passed","title":"should require login message when getting 401 error","duration":325.08750000000055,"failureMessages":[],"meta":{},"tags":[]},{"ancestorTitles":["Exercise Library E2E Tests","Complex Filtering Scenarios"],"fullName":"Exercise Library E2E Tests Complex Filtering Scenarios should combine multiple filters correctly","status":"passed","title":"should combine multiple filters correctly","duration":762.5424000000003,"failureMessages":[],"meta":{},"tags":[]},{"ancestorTitles":["Exercise Library E2E Tests","Complex Filtering Scenarios"],"fullName":"Exercise Library E2E Tests Complex Filtering Scenarios should update results when filters change","status":"passed","title":"should update results when filters change","duration":682.5562,"failureMessages":[],"meta":{},"tags":[]}],"startTime":1777467067043,"endTime":1777467071790.5562,"status":"passed","message":"","name":"C:/Users/augus/Documents/Programming/StayFrostyStudios/WODTrackrProject/WODTrackr_FrontEnd/src/tests/Exercises.e2e.test.jsx"},{"assertionResults":[{"ancestorTitles":["Exercises Component","Rendering"],"fullName":"Exercises Component Rendering should render exercise library page with main sections","status":"passed","title":"should render exercise library page with main sections","duration":51.728200000000015,"failureMessages":[],"meta":{},"tags":[]},{"ancestorTitles":["Exercises Component","Rendering"],"fullName":"Exercises Component Rendering should render search and filter controls","status":"passed","title":"should render search and filter controls","duration":16.575199999999995,"failureMessages":[],"meta":{},"tags":[]},{"ancestorTitles":["Exercises Component","Rendering"],"fullName":"Exercises Component Rendering should render Add Exercise button","status":"passed","title":"should render Add Exercise button","duration":8.803899999999885,"failureMessages":[],"meta":{},"tags":[]},{"ancestorTitles":["Exercises Component","Exercise Grid"],"fullName":"Exercises Component Exercise Grid should display list of exercises","status":"passed","title":"should display list of exercises","duration":340.61439999999993,"failureMessages":[],"meta":{},"tags":[]},{"ancestorTitles":["Exercises Component","Exercise Grid"],"fullName":"Exercises Component Exercise Grid should show empty state when no exercises exist","status":"passed","title":"should show empty state when no exercises exist","duration":10.134199999999964,"failureMessages":[],"meta":{},"tags":[]},{"ancestorTitles":["Exercises Component","Exercise Grid"],"fullName":"Exercises Component Exercise Grid should display exercise count","status":"passed","title":"should display exercise count","duration":329.2057,"failureMessages":[],"meta":{},"tags":[]},{"ancestorTitles":["Exercises Component","Search Functionality"],"fullName":"Exercises Component Search Functionality should search exercises by name","status":"passed","title":"should search exercises by name","duration":495.6708000000003,"failureMessages":[],"meta":{},"tags":[]},{"ancestorTitles":["Exercises Component","Search Functionality"],"fullName":"Exercises Component Search Functionality should debounce search requests","status":"passed","title":"should debounce search requests","duration":688.1109000000001,"failureMessages":[],"meta":{},"tags":[]},{"ancestorTitles":["Exercises Component","Filtering"],"fullName":"Exercises Component Filtering should filter by category","status":"passed","title":"should filter by category","duration":351.6407999999997,"failureMessages":[],"meta":{},"tags":[]},{"ancestorTitles":["Exercises Component","Filtering"],"fullName":"Exercises Component Filtering should filter by equipment","status":"passed","title":"should filter by equipment","duration":345.34209999999985,"failureMessages":[],"meta":{},"tags":[]},{"ancestorTitles":["Exercises Component","Filtering"],"fullName":"Exercises Component Filtering should clear all filters","status":"passed","title":"should clear all filters","duration":170.4942000000001,"failureMessages":[],"meta":{},"tags":[]},{"ancestorTitles":["Exercises Component","Sorting"],"fullName":"Exercises Component Sorting should sort exercises by different options","status":"passed","title":"should sort exercises by different options","duration":329.8116,"failureMessages":[],"meta":{},"tags":[]},{"ancestorTitles":["Exercises Component","Pagination"],"fullName":"Exercises Component Pagination should show Load More button when there are more exercises","status":"passed","title":"should show Load More button when there are more exercises","duration":326.7464,"failureMessages":[],"meta":{},"tags":[]},{"ancestorTitles":["Exercises Component","Pagination"],"fullName":"Exercises Component Pagination should load more exercises on Load More click","status":"passed","title":"should load more exercises on Load More click","duration":373.28820000000087,"failureMessages":[],"meta":{},"tags":[]},{"ancestorTitles":["Exercises Component","Exercise Details Panel"],"fullName":"Exercises Component Exercise Details Panel should display selected exercise details","status":"passed","title":"should display selected exercise details","duration":325.4826000000003,"failureMessages":[],"meta":{},"tags":[]},{"ancestorTitles":["Exercises Component","Add Exercise Modal"],"fullName":"Exercises Component Add Exercise Modal should open add exercise modal on Add Exercise button click","status":"passed","title":"should open add exercise modal on Add Exercise button click","duration":55.226700000000164,"failureMessages":[],"meta":{},"tags":[]},{"ancestorTitles":["Exercises Component","Add Exercise Modal"],"fullName":"Exercises Component Add Exercise Modal should submit new exercise form","status":"passed","title":"should submit new exercise form","duration":540.3978999999999,"failureMessages":[],"meta":{},"tags":[]},{"ancestorTitles":["Exercises Component","API Integration"],"fullName":"Exercises Component API Integration should handle API errors gracefully","status":"passed","title":"should handle API errors gracefully","duration":327.6723000000002,"failureMessages":[],"meta":{},"tags":[]},{"ancestorTitles":["Exercises Component","API Integration"],"fullName":"Exercises Component API Integration should handle authentication errors","status":"passed","title":"should handle authentication errors","duration":317.3091000000004,"failureMessages":[],"meta":{},"tags":[]},{"ancestorTitles":["Exercises Component","API Integration"],"fullName":"Exercises Component API Integration should load choices from OPTIONS endpoint","status":"passed","title":"should load choices from OPTIONS endpoint","duration":7.596800000000258,"failureMessages":[],"meta":{},"tags":[]},{"ancestorTitles":["Exercises Component","API Integration"],"fullName":"Exercises Component API Integration should cache choices from localStorage","status":"passed","title":"should cache choices from localStorage","duration":19.711200000000645,"failureMessages":[],"meta":{},"tags":[]},{"ancestorTitles":["Exercises Component","Accessibility"],"fullName":"Exercises Component Accessibility should have proper ARIA labels","status":"passed","title":"should have proper ARIA labels","duration":7.074200000000019,"failureMessages":[],"meta":{},"tags":[]},{"ancestorTitles":["Exercises Component","Accessibility"],"fullName":"Exercises Component Accessibility should handle keyboard navigation in exercise list","status":"passed","title":"should handle keyboard navigation in exercise list","duration":322.7993999999999,"failureMessages":[],"meta":{},"tags":[]}],"startTime":1777467067044,"endTime":1777467072806.7993,"status":"passed","message":"","name":"C:/Users/augus/Documents/Programming/StayFrostyStudios/WODTrackrProject/WODTrackr_FrontEnd/src/tests/Exercises.test.jsx"},{"assertionResults":[{"ancestorTitles":["Exercise Utility Functions","normalizeChoices"],"fullName":"Exercise Utility Functions normalizeChoices should normalize object choices to array format","status":"passed","title":"should normalize object choices to array format","duration":2.2046000000000276,"failureMessages":[],"meta":{},"tags":[]},{"ancestorTitles":["Exercise Utility Functions","normalizeChoices"],"fullName":"Exercise Utility Functions normalizeChoices should normalize array of tuples","status":"passed","title":"should normalize array of tuples","duration":0.3612000000000535,"failureMessages":[],"meta":{},"tags":[]},{"ancestorTitles":["Exercise Utility Functions","normalizeChoices"],"fullName":"Exercise Utility Functions normalizeChoices should normalize array of objects","status":"passed","title":"should normalize array of objects","duration":0.185799999999972,"failureMessages":[],"meta":{},"tags":[]},{"ancestorTitles":["Exercise Utility Functions","normalizeChoices"],"fullName":"Exercise Utility Functions normalizeChoices should handle alternative object properties","status":"passed","title":"should handle alternative object properties","duration":0.19919999999979154,"failureMessages":[],"meta":{},"tags":[]},{"ancestorTitles":["Exercise Utility Functions","normalizeChoices"],"fullName":"Exercise Utility Functions normalizeChoices should filter out empty values","status":"passed","title":"should filter out empty values","duration":0.169399999999996,"failureMessages":[],"meta":{},"tags":[]},{"ancestorTitles":["Exercise Utility Functions","normalizeChoices"],"fullName":"Exercise Utility Functions normalizeChoices should return empty array for invalid input","status":"passed","title":"should return empty array for invalid input","duration":0.17630000000008295,"failureMessages":[],"meta":{},"tags":[]},{"ancestorTitles":["Exercise Utility Functions","formatTimestamp"],"fullName":"Exercise Utility Functions formatTimestamp should format valid timestamp","status":"passed","title":"should format valid timestamp","duration":24.234699999999975,"failureMessages":[],"meta":{},"tags":[]},{"ancestorTitles":["Exercise Utility Functions","formatTimestamp"],"fullName":"Exercise Utility Functions formatTimestamp should return empty string for falsy input","status":"passed","title":"should return empty string for falsy input","duration":0.3387000000000171,"failureMessages":[],"meta":{},"tags":[]},{"ancestorTitles":["Exercise Utility Functions","formatTimestamp"],"fullName":"Exercise Utility Functions formatTimestamp should return original value for invalid timestamp","status":"passed","title":"should return original value for invalid timestamp","duration":0.6391000000000986,"failureMessages":[],"meta":{},"tags":[]},{"ancestorTitles":["Exercise Utility Functions","getFieldErrorsFromResponse"],"fullName":"Exercise Utility Functions getFieldErrorsFromResponse should extract field errors from response","status":"passed","title":"should extract field errors from response","duration":0.29940000000010514,"failureMessages":[],"meta":{},"tags":[]},{"ancestorTitles":["Exercise Utility Functions","getFieldErrorsFromResponse"],"fullName":"Exercise Utility Functions getFieldErrorsFromResponse should handle null response","status":"passed","title":"should handle null response","duration":0.18859999999995125,"failureMessages":[],"meta":{},"tags":[]},{"ancestorTitles":["Exercise Utility Functions","getFieldErrorsFromResponse"],"fullName":"Exercise Utility Functions getFieldErrorsFromResponse should only extract known fields","status":"passed","title":"should only extract known fields","duration":0.16030000000000655,"failureMessages":[],"meta":{},"tags":[]},{"ancestorTitles":["Exercise Utility Functions","getFieldErrorsFromResponse"],"fullName":"Exercise Utility Functions getFieldErrorsFromResponse should join array errors with space","status":"passed","title":"should join array errors with space","duration":0.12620000000015352,"failureMessages":[],"meta":{},"tags":[]},{"ancestorTitles":["Exercise Utility Functions","getExerciseFormValues"],"fullName":"Exercise Utility Functions getExerciseFormValues should extract form values from exercise object","status":"passed","title":"should extract form values from exercise object","duration":0.18420000000014625,"failureMessages":[],"meta":{},"tags":[]},{"ancestorTitles":["Exercise Utility Functions","getExerciseFormValues"],"fullName":"Exercise Utility Functions getExerciseFormValues should use fallback username fields","status":"passed","title":"should use fallback username fields","duration":0.10739999999987049,"failureMessages":[],"meta":{},"tags":[]},{"ancestorTitles":["Exercise Utility Functions","getExerciseFormValues"],"fullName":"Exercise Utility Functions getExerciseFormValues should provide empty defaults for missing fields","status":"passed","title":"should provide empty defaults for missing fields","duration":0.11310000000003129,"failureMessages":[],"meta":{},"tags":[]},{"ancestorTitles":["Exercise Utility Functions","getExerciseFormValues"],"fullName":"Exercise Utility Functions getExerciseFormValues should handle null exercise","status":"passed","title":"should handle null exercise","duration":0.10539999999991778,"failureMessages":[],"meta":{},"tags":[]}],"startTime":1777467066700,"endTime":1777467066731.113,"status":"passed","message":"","name":"C:/Users/augus/Documents/Programming/StayFrostyStudios/WODTrackrProject/WODTrackr_FrontEnd/src/tests/utilities.test.js"}]}